[0.013s] Invoking command in '/home/huy/ros2_ws/build/uav_controller': CMAKE_PREFIX_PATH=/opt/ros/humble:/home/huy/ros2_ws/install/uav_msgs:/home/huy/ros2_ws/install/uav_sim:/home/huy/ros2_ws/install/uav_motor_plugin:/home/huy/ros2_ws/install/uav_dynamics:/home/huy/ros2_ws/install/uav_controller LD_LIBRARY_PATH=/home/huy/ros2_ws/install/uav_msgs/lib:/home/huy/ros2_ws/install/uav_motor_plugin/lib:/usr/lib/x86_64-linux-gnu/gazebo-11/plugins:/opt/ros/humble/opt/rviz_ogre_vendor/lib:/opt/ros/humble/lib/x86_64-linux-gnu:/opt/ros/humble/lib:/usr/lib/x86_64-linux-gnu/gazebo-11/plugins /usr/bin/cmake --build /home/huy/ros2_ws/build/uav_controller -- -j16 -l16
[0.037s] -- Found ament_cmake: 1.3.12 (/opt/ros/humble/share/ament_cmake/cmake)
[0.143s] -- Found rclcpp: 16.0.17 (/opt/ros/humble/share/rclcpp/cmake)
[0.168s] -- Found rosidl_generator_c: 3.1.8 (/opt/ros/humble/share/rosidl_generator_c/cmake)
[0.170s] -- Found rosidl_adapter: 3.1.8 (/opt/ros/humble/share/rosidl_adapter/cmake)
[0.175s] -- Found rosidl_generator_cpp: 3.1.8 (/opt/ros/humble/share/rosidl_generator_cpp/cmake)
[0.183s] -- Using all available rosidl_typesupport_c: rosidl_typesupport_fastrtps_c;rosidl_typesupport_introspection_c
[0.193s] -- Using all available rosidl_typesupport_cpp: rosidl_typesupport_fastrtps_cpp;rosidl_typesupport_introspection_cpp
[0.219s] -- Found rmw_implementation_cmake: 6.1.2 (/opt/ros/humble/share/rmw_implementation_cmake/cmake)
[0.220s] -- Found rmw_fastrtps_cpp: 6.2.9 (/opt/ros/humble/share/rmw_fastrtps_cpp/cmake)
[0.325s] -- Using RMW implementation 'rmw_fastrtps_cpp' as default
[0.367s] -- Found sensor_msgs: 4.9.0 (/opt/ros/humble/share/sensor_msgs/cmake)
[0.390s] -- Found nav_msgs: 4.9.0 (/opt/ros/humble/share/nav_msgs/cmake)
[0.402s] -- Found uav_msgs: 0.0.0 (/home/huy/ros2_ws/install/uav_msgs/share/uav_msgs/cmake)
[0.409s] -- Found tf2: 0.25.18 (/opt/ros/humble/share/tf2/cmake)
[0.411s] -- Found tf2_ros: 0.25.18 (/opt/ros/humble/share/tf2_ros/cmake)
[0.470s] -- Found tf2_geometry_msgs: 0.25.18 (/opt/ros/humble/share/tf2_geometry_msgs/cmake)
[0.473s] -- Found eigen3_cmake_module: 0.1.1 (/opt/ros/humble/share/eigen3_cmake_module/cmake)
[0.474s] -- Ensuring Eigen3 include directory is part of orocos-kdl CMake target
[0.558s] -- Configuring done
[0.576s] -- Generating done
[0.585s] -- Build files have been written to: /home/huy/ros2_ws/build/uav_controller
[0.617s] [35m[1mConsolidate compiler generated dependencies of target pos_controller_node[0m
[0.617s] [35m[1mConsolidate compiler generated dependencies of target smc_controller_node[0m
[0.628s] [ 16%] [32mBuilding CXX object CMakeFiles/controller_node.dir/src/controller.cpp.o[0m
[0.636s] [ 66%] Built target pos_controller_node
[0.636s] [ 66%] [32mBuilding CXX object CMakeFiles/smc_controller_node.dir/src/smc_controller.cpp.o[0m
[2.853s] [01m[K/home/huy/ros2_ws/src/uav_controller/src/controller.cpp:51:1:[m[K [01;31m[Kerror: [m[Kredefinition of â€˜[01m[KSMC::SMC(double, double)[m[Kâ€™
[2.853s]    51 | [01;31m[KSMC[m[K::SMC(double lambda, double k) : lambda_(lambda), k_(k)
[2.853s]       | [01;31m[K^~~[m[K
[2.853s] [01m[K/home/huy/ros2_ws/src/uav_controller/src/controller.cpp:30:1:[m[K [01;36m[Knote: [m[Kâ€˜[01m[KSMC::SMC(double, double)[m[Kâ€™ previously defined here
[2.853s]    30 | [01;36m[KSMC[m[K::SMC(double lambda, double k) : lambda_(lambda), k_(k)
[2.853s]       | [01;36m[K^~~[m[K
[2.853s] [01m[K/home/huy/ros2_ws/src/uav_controller/src/controller.cpp:54:8:[m[K [01;31m[Kerror: [m[Kredefinition of â€˜[01m[Kdouble SMC::update(double, double)[m[Kâ€™
[2.854s]    54 | double [01;31m[KSMC[m[K::update(double e, double edot)
[2.854s]       |        [01;31m[K^~~[m[K
[2.854s] [01m[K/home/huy/ros2_ws/src/uav_controller/src/controller.cpp:33:8:[m[K [01;36m[Knote: [m[Kâ€˜[01m[Kdouble SMC::update(double, double)[m[Kâ€™ previously defined here
[2.854s]    33 | double [01;36m[KSMC[m[K::update(double e, double edot)
[2.854s]       |        [01;36m[K^~~[m[K
[5.726s] gmake[2]: *** [CMakeFiles/controller_node.dir/build.make:76: CMakeFiles/controller_node.dir/src/controller.cpp.o] Error 1
[5.726s] gmake[1]: *** [CMakeFiles/Makefile2:141: CMakeFiles/controller_node.dir/all] Error 2
[5.726s] gmake[1]: *** Waiting for unfinished jobs....
[11.422s] [ 83%] [32m[1mLinking CXX executable smc_controller_node[0m
[11.975s] [ 83%] Built target smc_controller_node
[11.976s] gmake: *** [Makefile:146: all] Error 2
[11.979s] Invoked command in '/home/huy/ros2_ws/build/uav_controller' returned '2': CMAKE_PREFIX_PATH=/opt/ros/humble:/home/huy/ros2_ws/install/uav_msgs:/home/huy/ros2_ws/install/uav_sim:/home/huy/ros2_ws/install/uav_motor_plugin:/home/huy/ros2_ws/install/uav_dynamics:/home/huy/ros2_ws/install/uav_controller LD_LIBRARY_PATH=/home/huy/ros2_ws/install/uav_msgs/lib:/home/huy/ros2_ws/install/uav_motor_plugin/lib:/usr/lib/x86_64-linux-gnu/gazebo-11/plugins:/opt/ros/humble/opt/rviz_ogre_vendor/lib:/opt/ros/humble/lib/x86_64-linux-gnu:/opt/ros/humble/lib:/usr/lib/x86_64-linux-gnu/gazebo-11/plugins /usr/bin/cmake --build /home/huy/ros2_ws/build/uav_controller -- -j16 -l16
