[0.012s] Invoking command in '/home/huy/ros2_ws/build/drone_drive': CMAKE_PREFIX_PATH=${CMAKE_PREFIX_PATH}:/home/huy/ros2_ws/install/my_robot_pkg:/opt/ros/humble /usr/bin/cmake --build /home/huy/ros2_ws/build/drone_drive -- -j16 -l16
[0.081s] [ 50%] [32mBuilding CXX object CMakeFiles/drone_drive.dir/src/drone_drive.cpp.o[0m
[0.376s] In file included from [01m[K/home/huy/ros2_ws/src/drone_drive/src/drone_drive.cpp:1[m[K:
[0.376s] [01m[K/home/huy/ros2_ws/src/drone_drive/include/drone_drive/drone_drive.hpp:5:10:[m[K [01;31m[Kfatal error: [m[Ksensor_msgs/msg/imu.hpp: No such file or directory
[0.376s]     5 | #include [01;31m[K<sensor_msgs/msg/imu.hpp>[m[K
[0.376s]       |          [01;31m[K^~~~~~~~~~~~~~~~~~~~~~~~~[m[K
[0.376s] compilation terminated.
[0.380s] gmake[2]: *** [CMakeFiles/drone_drive.dir/build.make:76: CMakeFiles/drone_drive.dir/src/drone_drive.cpp.o] Error 1
[0.380s] gmake[1]: *** [CMakeFiles/Makefile2:137: CMakeFiles/drone_drive.dir/all] Error 2
[0.381s] gmake: *** [Makefile:146: all] Error 2
[0.383s] Invoked command in '/home/huy/ros2_ws/build/drone_drive' returned '2': CMAKE_PREFIX_PATH=${CMAKE_PREFIX_PATH}:/home/huy/ros2_ws/install/my_robot_pkg:/opt/ros/humble /usr/bin/cmake --build /home/huy/ros2_ws/build/drone_drive -- -j16 -l16
