[01m[K/home/huy/ros2_ws/src/uav_sim/src/show_data.cpp:[m[K In constructor â€˜[01m[KShowData::ShowData()[m[Kâ€™:
[01m[K/home/huy/ros2_ws/src/uav_sim/src/show_data.cpp:7:55:[m[K [01;31m[Kerror: [m[Kâ€˜[01m[Kstd::placeholder[m[Kâ€™ has not been declared
    7 |         std::bind(&ShowData::odomCallback, this, std::[01;31m[Kplaceholder[m[K::_1)
      |                                                       [01;31m[K^~~~~~~~~~~[m[K
[01m[K/home/huy/ros2_ws/src/uav_sim/src/show_data.cpp:17:58:[m[K [01;31m[Kerror: [m[Kâ€˜[01m[Kstd::placeholder[m[Kâ€™ has not been declared
   17 |         std::bind(&ShowData::eposdotCallback, this, std::[01;31m[Kplaceholder[m[K::_1)
      |                                                          [01;31m[K^~~~~~~~~~~[m[K
[01m[K/home/huy/ros2_ws/src/uav_sim/src/show_data.cpp:22:54:[m[K [01;31m[Kerror: [m[Kâ€˜[01m[Kstd::placeholder[m[Kâ€™ has not been declared
   22 |         std::bind(&ShowData::attCallback, this, std::[01;31m[Kplaceholder[m[K::_1)
      |                                                      [01;31m[K^~~~~~~~~~~[m[K
[01m[K/home/huy/ros2_ws/src/uav_sim/src/show_data.cpp:27:57:[m[K [01;31m[Kerror: [m[Kâ€˜[01m[Kstd::placeholder[m[Kâ€™ has not been declared
   27 |         std::bind(&ShowData::thrustCallback, this, std::[01;31m[Kplaceholder[m[K::_1)
      |                                                         [01;31m[K^~~~~~~~~~~[m[K
[01m[K/home/huy/ros2_ws/src/uav_sim/src/show_data.cpp:[m[K At global scope:
[01m[K/home/huy/ros2_ws/src/uav_sim/src/show_data.cpp:67:6:[m[K [01;31m[Kerror: [m[Kno declaration matches â€˜[01m[Kvoid ShowData::thrustCallback(geometry_msgs::msg::Vector3_<std::allocator<void> >::SharedPtr)[m[Kâ€™
   67 | void [01;31m[KShowData[m[K::thrustCallback(const geometry_msgs::msg::Vector3::SharedPtr msg)
      |      [01;31m[K^~~~~~~~[m[K
In file included from [01m[K/home/huy/ros2_ws/src/uav_sim/src/show_data.cpp:1[m[K:
[01m[K/home/huy/ros2_ws/src/uav_sim/include/show_data.hpp:45:10:[m[K [01;36m[Knote: [m[Kcandidate is: â€˜[01m[Kvoid ShowData::thrustCallback(std_msgs::msg::Float64_<std::allocator<void> >::SharedPtr)[m[Kâ€™
   45 |     void [01;36m[KthrustCallback[m[K(const std_msgs::msg::Float64::SharedPtr msg);
      |          [01;36m[K^~~~~~~~~~~~~~[m[K
[01m[K/home/huy/ros2_ws/src/uav_sim/include/show_data.hpp:35:7:[m[K [01;36m[Knote: [m[Kâ€˜[01m[Kclass ShowData[m[Kâ€™ defined here
   35 | class [01;36m[KShowData[m[K : public rclcpp::Node
      |       [01;36m[K^~~~~~~~[m[K
gmake[2]: *** [CMakeFiles/data_node.dir/build.make:76: CMakeFiles/data_node.dir/src/show_data.cpp.o] Error 1
gmake[1]: *** [CMakeFiles/Makefile2:137: CMakeFiles/data_node.dir/all] Error 2
gmake: *** [Makefile:146: all] Error 2
