[0.011s] Invoking command in '/home/huy/ros2_ws/build/uav_sim': CMAKE_PREFIX_PATH=/home/huy/ros2_ws/install/uav_motor_plugin:/home/huy/ros2_ws/install/uav_dynamics:/home/huy/ros2_ws/install/uav_controller:/opt/ros/humble:/home/huy/ros2_ws/install/uav_msgs:/home/huy/ros2_ws/install/uav_sim LD_LIBRARY_PATH=/home/huy/ros2_ws/install/uav_motor_plugin/lib:/home/huy/ros2_ws/install/uav_msgs/lib:/usr/lib/x86_64-linux-gnu/gazebo-11/plugins:/opt/ros/humble/opt/rviz_ogre_vendor/lib:/opt/ros/humble/lib/x86_64-linux-gnu:/opt/ros/humble/lib:/usr/lib/x86_64-linux-gnu/gazebo-11/plugins /usr/bin/cmake --build /home/huy/ros2_ws/build/uav_sim -- -j16 -l16
[0.052s] [35m[1mConsolidate compiler generated dependencies of target data_node[0m
[0.070s] [ 50%] [32mBuilding CXX object CMakeFiles/data_node.dir/src/show_data.cpp.o[0m
[2.039s] [01m[K/home/huy/ros2_ws/src/uav_sim/src/show_data.cpp:[m[K In constructor â€˜[01m[KShowData::ShowData()[m[Kâ€™:
[2.039s] [01m[K/home/huy/ros2_ws/src/uav_sim/src/show_data.cpp:7:55:[m[K [01;31m[Kerror: [m[Kâ€˜[01m[Kstd::placeholder[m[Kâ€™ has not been declared
[2.039s]     7 |         std::bind(&ShowData::odomCallback, this, std::[01;31m[Kplaceholder[m[K::_1)
[2.039s]       |                                                       [01;31m[K^~~~~~~~~~~[m[K
[2.045s] [01m[K/home/huy/ros2_ws/src/uav_sim/src/show_data.cpp:17:58:[m[K [01;31m[Kerror: [m[Kâ€˜[01m[Kstd::placeholder[m[Kâ€™ has not been declared
[2.045s]    17 |         std::bind(&ShowData::eposdotCallback, this, std::[01;31m[Kplaceholder[m[K::_1)
[2.045s]       |                                                          [01;31m[K^~~~~~~~~~~[m[K
[2.045s] [01m[K/home/huy/ros2_ws/src/uav_sim/src/show_data.cpp:22:54:[m[K [01;31m[Kerror: [m[Kâ€˜[01m[Kstd::placeholder[m[Kâ€™ has not been declared
[2.045s]    22 |         std::bind(&ShowData::attCallback, this, std::[01;31m[Kplaceholder[m[K::_1)
[2.045s]       |                                                      [01;31m[K^~~~~~~~~~~[m[K
[2.045s] [01m[K/home/huy/ros2_ws/src/uav_sim/src/show_data.cpp:27:57:[m[K [01;31m[Kerror: [m[Kâ€˜[01m[Kstd::placeholder[m[Kâ€™ has not been declared
[2.045s]    27 |         std::bind(&ShowData::thrustCallback, this, std::[01;31m[Kplaceholder[m[K::_1)
[2.045s]       |                                                         [01;31m[K^~~~~~~~~~~[m[K
[2.055s] [01m[K/home/huy/ros2_ws/src/uav_sim/src/show_data.cpp:[m[K At global scope:
[2.055s] [01m[K/home/huy/ros2_ws/src/uav_sim/src/show_data.cpp:67:6:[m[K [01;31m[Kerror: [m[Kno declaration matches â€˜[01m[Kvoid ShowData::thrustCallback(geometry_msgs::msg::Vector3_<std::allocator<void> >::SharedPtr)[m[Kâ€™
[2.056s]    67 | void [01;31m[KShowData[m[K::thrustCallback(const geometry_msgs::msg::Vector3::SharedPtr msg)
[2.056s]       |      [01;31m[K^~~~~~~~[m[K
[2.056s] In file included from [01m[K/home/huy/ros2_ws/src/uav_sim/src/show_data.cpp:1[m[K:
[2.056s] [01m[K/home/huy/ros2_ws/src/uav_sim/include/show_data.hpp:45:10:[m[K [01;36m[Knote: [m[Kcandidate is: â€˜[01m[Kvoid ShowData::thrustCallback(std_msgs::msg::Float64_<std::allocator<void> >::SharedPtr)[m[Kâ€™
[2.056s]    45 |     void [01;36m[KthrustCallback[m[K(const std_msgs::msg::Float64::SharedPtr msg);
[2.056s]       |          [01;36m[K^~~~~~~~~~~~~~[m[K
[2.056s] [01m[K/home/huy/ros2_ws/src/uav_sim/include/show_data.hpp:35:7:[m[K [01;36m[Knote: [m[Kâ€˜[01m[Kclass ShowData[m[Kâ€™ defined here
[2.056s]    35 | class [01;36m[KShowData[m[K : public rclcpp::Node
[2.056s]       |       [01;36m[K^~~~~~~~[m[K
[3.964s] gmake[2]: *** [CMakeFiles/data_node.dir/build.make:76: CMakeFiles/data_node.dir/src/show_data.cpp.o] Error 1
[3.964s] gmake[1]: *** [CMakeFiles/Makefile2:137: CMakeFiles/data_node.dir/all] Error 2
[3.964s] gmake: *** [Makefile:146: all] Error 2
[3.967s] Invoked command in '/home/huy/ros2_ws/build/uav_sim' returned '2': CMAKE_PREFIX_PATH=/home/huy/ros2_ws/install/uav_motor_plugin:/home/huy/ros2_ws/install/uav_dynamics:/home/huy/ros2_ws/install/uav_controller:/opt/ros/humble:/home/huy/ros2_ws/install/uav_msgs:/home/huy/ros2_ws/install/uav_sim LD_LIBRARY_PATH=/home/huy/ros2_ws/install/uav_motor_plugin/lib:/home/huy/ros2_ws/install/uav_msgs/lib:/usr/lib/x86_64-linux-gnu/gazebo-11/plugins:/opt/ros/humble/opt/rviz_ogre_vendor/lib:/opt/ros/humble/lib/x86_64-linux-gnu:/opt/ros/humble/lib:/usr/lib/x86_64-linux-gnu/gazebo-11/plugins /usr/bin/cmake --build /home/huy/ros2_ws/build/uav_sim -- -j16 -l16
