[01m[K/home/huy/ros2_ws/src/uav_sim/src/show_data.cpp:[m[K In member function â€˜[01m[Kvoid ShowData::thrustCallback(std_msgs::msg::Float64_<std::allocator<void> >::SharedPtr)[m[Kâ€™:
[01m[K/home/huy/ros2_ws/src/uav_sim/src/show_data.cpp:69:31:[m[K [01;31m[Kerror: [m[Kâ€˜[01m[Kconst SharedPtr[m[Kâ€™ {aka â€˜[01m[Kconst class std::shared_ptr<std_msgs::msg::Float64_<std::allocator<void> > >[m[Kâ€™} has no member named â€˜[01m[Kdata[m[Kâ€™
   69 |     pid_data.thrust_ref = msg.[01;31m[Kdata[m[K;
      |                               [01;31m[K^~~~[m[K
gmake[2]: *** [CMakeFiles/data_node.dir/build.make:76: CMakeFiles/data_node.dir/src/show_data.cpp.o] Error 1
gmake[1]: *** [CMakeFiles/Makefile2:137: CMakeFiles/data_node.dir/all] Error 2
gmake: *** [Makefile:146: all] Error 2
