In file included from [01m[K/home/huy/ros2_ws/src/uav_dynamics/src/uav_cmd_pub.cpp:1[m[K:
[01m[K/home/huy/ros2_ws/src/uav_dynamics/include/uav_cmd_pub.hpp:15:23:[m[K [01;31m[Kerror: [m[Kâ€˜[01m[Kuav_msgs[m[Kâ€™ was not declared in this scope
   15 |     rclcpp::Publisher<[01;31m[Kuav_msgs[m[K::msg::UavCmd>::SharedPtr cmd_pub_;
      |                       [01;31m[K^~~~~~~~[m[K
[01m[K/home/huy/ros2_ws/src/uav_dynamics/include/uav_cmd_pub.hpp:15:44:[m[K [01;31m[Kerror: [m[Ktemplate argument 1 is invalid
   15 |     rclcpp::Publisher<uav_msgs::msg::UavCmd[01;31m[K>[m[K::SharedPtr cmd_pub_;
      |                                            [01;31m[K^[m[K
[01m[K/home/huy/ros2_ws/src/uav_dynamics/include/uav_cmd_pub.hpp:15:47:[m[K [01;31m[Kerror: [m[Kexpected â€˜[01m[K;[m[Kâ€™ at end of member declaration
   15 |     rclcpp::Publisher<uav_msgs::msg::UavCmd>::[01;31m[KSharedPtr[m[K cmd_pub_;
      |                                               [01;31m[K^~~~~~~~~[m[K
      |                                                        [32m[K;[m[K
[01m[K/home/huy/ros2_ws/src/uav_dynamics/include/uav_cmd_pub.hpp:15:57:[m[K [01;31m[Kerror: [m[Kâ€˜[01m[Kcmd_pub_[m[Kâ€™ does not name a type
   15 |     rclcpp::Publisher<uav_msgs::msg::UavCmd>::SharedPtr [01;31m[Kcmd_pub_[m[K;
      |                                                         [01;31m[K^~~~~~~~[m[K
[01m[K/home/huy/ros2_ws/src/uav_dynamics/src/uav_cmd_pub.cpp:[m[K In constructor â€˜[01m[KUavCmdPublisher::UavCmdPublisher()[m[Kâ€™:
[01m[K/home/huy/ros2_ws/src/uav_dynamics/src/uav_cmd_pub.cpp:11:5:[m[K [01;31m[Kerror: [m[Kâ€˜[01m[Kcmd_pub_[m[Kâ€™ was not declared in this scope
   11 |     [01;31m[Kcmd_pub_[m[K = this->create_publisher<std_msgs::msg::Float64>("motor_cmd", 10);
      |     [01;31m[K^~~~~~~~[m[K
[01m[K/home/huy/ros2_ws/src/uav_dynamics/src/uav_cmd_pub.cpp:[m[K In member function â€˜[01m[Kvoid UavCmdPublisher::joy_callback(sensor_msgs::msg::Joy_<std::allocator<void> >::SharedPtr)[m[Kâ€™:
[01m[K/home/huy/ros2_ws/src/uav_dynamics/src/uav_cmd_pub.cpp:19:5:[m[K [01;31m[Kerror: [m[Kâ€˜[01m[Kcmd_pub_[m[Kâ€™ was not declared in this scope
   19 |     [01;31m[Kcmd_pub_[m[K->publish(cmd);
      |     [01;31m[K^~~~~~~~[m[K
gmake[2]: *** [CMakeFiles/cmd_pub_node.dir/build.make:76: CMakeFiles/cmd_pub_node.dir/src/uav_cmd_pub.cpp.o] Error 1
gmake[1]: *** [CMakeFiles/Makefile2:165: CMakeFiles/cmd_pub_node.dir/all] Error 2
gmake[1]: *** Waiting for unfinished jobs....
gmake: *** [Makefile:146: all] Error 2
