[0.052s] Invoking command in '/home/huy/ros2_ws/build/uav_sim': /usr/bin/cmake /home/huy/ros2_ws/src/uav_sim -DCATKIN_INSTALL_INTO_PREFIX_ROOT=0 -DCMAKE_INSTALL_PREFIX=/home/huy/ros2_ws/install/uav_sim
[0.200s] -- The C compiler identification is GNU 11.4.0
[0.352s] -- The CXX compiler identification is GNU 11.4.0
[0.371s] -- Detecting C compiler ABI info
[0.560s] -- Detecting C compiler ABI info - done
[0.577s] -- Check for working C compiler: /usr/bin/cc - skipped
[0.577s] -- Detecting C compile features
[0.578s] -- Detecting C compile features - done
[0.585s] -- Detecting CXX compiler ABI info
[0.802s] -- Detecting CXX compiler ABI info - done
[0.819s] -- Check for working CXX compiler: /usr/bin/c++ - skipped
[0.820s] -- Detecting CXX compile features
[0.821s] -- Detecting CXX compile features - done
[0.828s] -- Found ament_cmake: 1.3.11 (/opt/ros/humble/share/ament_cmake/cmake)
[1.213s] -- Found Python3: /usr/bin/python3 (found version "3.10.12") found components: Interpreter 
[1.447s] -- Found rclcpp: 16.0.12 (/opt/ros/humble/share/rclcpp/cmake)
[1.561s] -- Found rosidl_generator_c: 3.1.6 (/opt/ros/humble/share/rosidl_generator_c/cmake)
[1.575s] -- Found rosidl_adapter: 3.1.6 (/opt/ros/humble/share/rosidl_adapter/cmake)
[1.597s] -- Found rosidl_generator_cpp: 3.1.6 (/opt/ros/humble/share/rosidl_generator_cpp/cmake)
[1.628s] -- Using all available rosidl_typesupport_c: rosidl_typesupport_fastrtps_c;rosidl_typesupport_introspection_c
[1.668s] -- Using all available rosidl_typesupport_cpp: rosidl_typesupport_fastrtps_cpp;rosidl_typesupport_introspection_cpp
[1.783s] -- Found rmw_implementation_cmake: 6.1.2 (/opt/ros/humble/share/rmw_implementation_cmake/cmake)
[1.790s] -- Found rmw_fastrtps_cpp: 6.2.7 (/opt/ros/humble/share/rmw_fastrtps_cpp/cmake)
[2.029s] -- Found OpenSSL: /usr/lib/x86_64-linux-gnu/libcrypto.so (found version "3.0.2")  
[2.105s] -- Found FastRTPS: /opt/ros/humble/include  
[2.221s] -- Using RMW implementation 'rmw_fastrtps_cpp' as default
[2.245s] -- Looking for pthread.h
[2.430s] -- Looking for pthread.h - found
[2.431s] -- Performing Test CMAKE_HAVE_LIBC_PTHREAD
[2.623s] -- Performing Test CMAKE_HAVE_LIBC_PTHREAD - Success
[2.625s] -- Found Threads: TRUE  
[2.963s] -- Configuring done
[2.983s] -- Generating done
[2.986s] [33mCMake Warning:
[2.986s]   Manually-specified variables were not used by the project:
[2.986s] 
[2.986s]     CATKIN_INSTALL_INTO_PREFIX_ROOT
[2.986s] 
[2.987s] [0m
[2.991s] -- Build files have been written to: /home/huy/ros2_ws/build/uav_sim
[3.013s] Invoked command in '/home/huy/ros2_ws/build/uav_sim' returned '0': /usr/bin/cmake /home/huy/ros2_ws/src/uav_sim -DCATKIN_INSTALL_INTO_PREFIX_ROOT=0 -DCMAKE_INSTALL_PREFIX=/home/huy/ros2_ws/install/uav_sim
[3.017s] Invoking command in '/home/huy/ros2_ws/build/uav_sim': /usr/bin/cmake --build /home/huy/ros2_ws/build/uav_sim -- -j16 -l16
[3.156s] [ 50%] [32mBuilding CXX object CMakeFiles/uav_node.dir/src/main.cpp.o[0m
[3.214s] [100%] [32m[1mLinking CXX executable uav_node[0m
[3.347s] /usr/bin/ld: /usr/lib/gcc/x86_64-linux-gnu/11/../../../x86_64-linux-gnu/Scrt1.o: in function `_start':
[3.347s] (.text+0x1b): undefined reference to `main'
[3.351s] collect2: error: ld returned 1 exit status
[3.356s] gmake[2]: *** [CMakeFiles/uav_node.dir/build.make:151: uav_node] Error 1
[3.357s] gmake[1]: *** [CMakeFiles/Makefile2:137: CMakeFiles/uav_node.dir/all] Error 2
[3.357s] gmake: *** [Makefile:146: all] Error 2
[3.363s] Invoked command in '/home/huy/ros2_ws/build/uav_sim' returned '2': /usr/bin/cmake --build /home/huy/ros2_ws/build/uav_sim -- -j16 -l16
