[01m[K/home/huy/ros2_ws/src/uav_sim/src/show_data.cpp:[m[K In constructor â€˜[01m[KShowData::ShowData()[m[Kâ€™:
[01m[K/home/huy/ros2_ws/src/uav_sim/src/show_data.cpp:3:24:[m[K [01;31m[Kerror: [m[Kexpected identifier before â€˜[01m[Kpublic[m[Kâ€™
    3 | ShowData::ShowData() : [01;31m[Kpublic[m[K rclcpp::Node("data_node")
      |                        [01;31m[K^~~~~~[m[K
[01m[K/home/huy/ros2_ws/src/uav_sim/src/show_data.cpp:3:24:[m[K [01;31m[Kerror: [m[Kno matching function for call to â€˜[01m[Krclcpp::Node::Node()[m[Kâ€™
In file included from [01m[K/opt/ros/humble/include/rclcpp/rclcpp/executors/single_threaded_executor.hpp:28[m[K,
                 from [01m[K/opt/ros/humble/include/rclcpp/rclcpp/executors.hpp:22[m[K,
                 from [01m[K/opt/ros/humble/include/rclcpp/rclcpp/rclcpp.hpp:155[m[K,
                 from [01m[K/home/huy/ros2_ws/src/uav_sim/include/show_data.hpp:3[m[K,
                 from [01m[K/home/huy/ros2_ws/src/uav_sim/src/show_data.cpp:1[m[K:
[01m[K/opt/ros/humble/include/rclcpp/rclcpp/node.hpp:1294:3:[m[K [01;36m[Knote: [m[Kcandidate: â€˜[01m[Krclcpp::Node::Node(const rclcpp::Node&, const string&)[m[Kâ€™
 1294 |   [01;36m[KNode[m[K(
      |   [01;36m[K^~~~[m[K
[01m[K/opt/ros/humble/include/rclcpp/rclcpp/node.hpp:1294:3:[m[K [01;36m[Knote: [m[K  candidate expects 2 arguments, 0 provided
[01m[K/opt/ros/humble/include/rclcpp/rclcpp/node.hpp:101:12:[m[K [01;36m[Knote: [m[Kcandidate: â€˜[01m[Krclcpp::Node::Node(const string&, const string&, const rclcpp::NodeOptions&)[m[Kâ€™
  101 |   explicit [01;36m[KNode[m[K(
      |            [01;36m[K^~~~[m[K
[01m[K/opt/ros/humble/include/rclcpp/rclcpp/node.hpp:101:12:[m[K [01;36m[Knote: [m[K  candidate expects 3 arguments, 0 provided
[01m[K/opt/ros/humble/include/rclcpp/rclcpp/node.hpp:89:12:[m[K [01;36m[Knote: [m[Kcandidate: â€˜[01m[Krclcpp::Node::Node(const string&, const rclcpp::NodeOptions&)[m[Kâ€™
   89 |   explicit [01;36m[KNode[m[K(
      |            [01;36m[K^~~~[m[K
[01m[K/opt/ros/humble/include/rclcpp/rclcpp/node.hpp:89:12:[m[K [01;36m[Knote: [m[K  candidate expects 2 arguments, 0 provided
[01m[K/home/huy/ros2_ws/src/uav_sim/src/show_data.cpp:3:24:[m[K [01;31m[Kerror: [m[Kexpected â€˜[01m[K{[m[Kâ€™ before â€˜[01m[Kpublic[m[Kâ€™
    3 | ShowData::ShowData() : [01;31m[Kpublic[m[K rclcpp::Node("data_node")
      |                        [01;31m[K^~~~~~[m[K
[01m[K/home/huy/ros2_ws/src/uav_sim/src/show_data.cpp:[m[K At global scope:
[01m[K/home/huy/ros2_ws/src/uav_sim/src/show_data.cpp:3:24:[m[K [01;31m[Kerror: [m[Kexpected unqualified-id before â€˜[01m[Kpublic[m[Kâ€™
[01m[K/home/huy/ros2_ws/src/uav_sim/src/show_data.cpp:[m[K In member function â€˜[01m[Kvoid ShowData::eposCallback(geometry_msgs::msg::Vector3_<std::allocator<void> >::SharedPtr)[m[Kâ€™:
[01m[K/home/huy/ros2_ws/src/uav_sim/src/show_data.cpp:48:23:[m[K [01;31m[Kerror: [m[Kâ€˜[01m[Kconst SharedPtr[m[Kâ€™ {aka â€˜[01m[Kconst class std::shared_ptr<geometry_msgs::msg::Vector3_<std::allocator<void> > >[m[Kâ€™} has no member named â€˜[01m[Kx[m[Kâ€™
   48 |     pid_data.ex = msg.[01;31m[Kx[m[K;
      |                       [01;31m[K^[m[K
[01m[K/home/huy/ros2_ws/src/uav_sim/src/show_data.cpp:49:23:[m[K [01;31m[Kerror: [m[Kâ€˜[01m[Kconst SharedPtr[m[Kâ€™ {aka â€˜[01m[Kconst class std::shared_ptr<geometry_msgs::msg::Vector3_<std::allocator<void> > >[m[Kâ€™} has no member named â€˜[01m[Ky[m[Kâ€™
   49 |     pid_data.ey = msg.[01;31m[Ky[m[K;
      |                       [01;31m[K^[m[K
[01m[K/home/huy/ros2_ws/src/uav_sim/src/show_data.cpp:50:23:[m[K [01;31m[Kerror: [m[Kâ€˜[01m[Kconst SharedPtr[m[Kâ€™ {aka â€˜[01m[Kconst class std::shared_ptr<geometry_msgs::msg::Vector3_<std::allocator<void> > >[m[Kâ€™} has no member named â€˜[01m[Kz[m[Kâ€™
   50 |     pid_data.ez = msg.[01;31m[Kz[m[K;
      |                       [01;31m[K^[m[K
[01m[K/home/huy/ros2_ws/src/uav_sim/src/show_data.cpp:[m[K In member function â€˜[01m[Kvoid ShowData::eposdotCallback(geometry_msgs::msg::Vector3_<std::allocator<void> >::SharedPtr)[m[Kâ€™:
[01m[K/home/huy/ros2_ws/src/uav_sim/src/show_data.cpp:55:27:[m[K [01;31m[Kerror: [m[Kâ€˜[01m[Kconst SharedPtr[m[Kâ€™ {aka â€˜[01m[Kconst class std::shared_ptr<geometry_msgs::msg::Vector3_<std::allocator<void> > >[m[Kâ€™} has no member named â€˜[01m[Kx[m[Kâ€™
   55 |     pid_data.ex_dot = msg.[01;31m[Kx[m[K;
      |                           [01;31m[K^[m[K
[01m[K/home/huy/ros2_ws/src/uav_sim/src/show_data.cpp:56:27:[m[K [01;31m[Kerror: [m[Kâ€˜[01m[Kconst SharedPtr[m[Kâ€™ {aka â€˜[01m[Kconst class std::shared_ptr<geometry_msgs::msg::Vector3_<std::allocator<void> > >[m[Kâ€™} has no member named â€˜[01m[Ky[m[Kâ€™
   56 |     pid_data.ey_dot = msg.[01;31m[Ky[m[K;
      |                           [01;31m[K^[m[K
[01m[K/home/huy/ros2_ws/src/uav_sim/src/show_data.cpp:57:27:[m[K [01;31m[Kerror: [m[Kâ€˜[01m[Kconst SharedPtr[m[Kâ€™ {aka â€˜[01m[Kconst class std::shared_ptr<geometry_msgs::msg::Vector3_<std::allocator<void> > >[m[Kâ€™} has no member named â€˜[01m[Kz[m[Kâ€™
   57 |     pid_data.ez_dot = msg.[01;31m[Kz[m[K;
      |                           [01;31m[K^[m[K
[01m[K/home/huy/ros2_ws/src/uav_sim/src/show_data.cpp:[m[K In member function â€˜[01m[Kvoid ShowData::attCallback(geometry_msgs::msg::Vector3_<std::allocator<void> >::SharedPtr)[m[Kâ€™:
[01m[K/home/huy/ros2_ws/src/uav_sim/src/show_data.cpp:62:28:[m[K [01;31m[Kerror: [m[Kâ€˜[01m[Kconst SharedPtr[m[Kâ€™ {aka â€˜[01m[Kconst class std::shared_ptr<geometry_msgs::msg::Vector3_<std::allocator<void> > >[m[Kâ€™} has no member named â€˜[01m[Kx[m[Kâ€™
   62 |     pid_data.phi_ref = msg.[01;31m[Kx[m[K;
      |                            [01;31m[K^[m[K
[01m[K/home/huy/ros2_ws/src/uav_sim/src/show_data.cpp:63:30:[m[K [01;31m[Kerror: [m[Kâ€˜[01m[Kconst SharedPtr[m[Kâ€™ {aka â€˜[01m[Kconst class std::shared_ptr<geometry_msgs::msg::Vector3_<std::allocator<void> > >[m[Kâ€™} has no member named â€˜[01m[Ky[m[Kâ€™
   63 |     pid_data.theta_ref = msg.[01;31m[Ky[m[K;
      |                              [01;31m[K^[m[K
[01m[K/home/huy/ros2_ws/src/uav_sim/src/show_data.cpp:64:28:[m[K [01;31m[Kerror: [m[Kâ€˜[01m[Kconst SharedPtr[m[Kâ€™ {aka â€˜[01m[Kconst class std::shared_ptr<geometry_msgs::msg::Vector3_<std::allocator<void> > >[m[Kâ€™} has no member named â€˜[01m[Kz[m[Kâ€™
   64 |     pid_data.psi_ref = msg.[01;31m[Kz[m[K;
      |                            [01;31m[K^[m[K
[01m[K/home/huy/ros2_ws/src/uav_sim/src/show_data.cpp:[m[K At global scope:
[01m[K/home/huy/ros2_ws/src/uav_sim/src/show_data.cpp:67:6:[m[K [01;31m[Kerror: [m[Kno declaration matches â€˜[01m[Kvoid ShowData::thrustCallback(geometry_msgs::msg::Vector3_<std::allocator<void> >::SharedPtr)[m[Kâ€™
   67 | void [01;31m[KShowData[m[K::thrustCallback(const geometry_msgs::msg::Vector3::SharedPtr msg)
      |      [01;31m[K^~~~~~~~[m[K
In file included from [01m[K/home/huy/ros2_ws/src/uav_sim/src/show_data.cpp:1[m[K:
[01m[K/home/huy/ros2_ws/src/uav_sim/include/show_data.hpp:45:10:[m[K [01;36m[Knote: [m[Kcandidate is: â€˜[01m[Kvoid ShowData::thrustCallback(std_msgs::msg::Float64_<std::allocator<void> >::SharedPtr)[m[Kâ€™
   45 |     void [01;36m[KthrustCallback[m[K(const std_msgs::msg::Float64::SharedPtr msg);
      |          [01;36m[K^~~~~~~~~~~~~~[m[K
[01m[K/home/huy/ros2_ws/src/uav_sim/include/show_data.hpp:35:7:[m[K [01;36m[Knote: [m[Kâ€˜[01m[Kclass ShowData[m[Kâ€™ defined here
   35 | class [01;36m[KShowData[m[K : public rclcpp::Node
      |       [01;36m[K^~~~~~~~[m[K
gmake[2]: *** [CMakeFiles/data_node.dir/build.make:76: CMakeFiles/data_node.dir/src/show_data.cpp.o] Error 1
gmake[1]: *** [CMakeFiles/Makefile2:137: CMakeFiles/data_node.dir/all] Error 2
gmake: *** [Makefile:146: all] Error 2
