[0.010s] Invoking command in '/home/huy/ros2_ws/build/uav_sim': CMAKE_PREFIX_PATH=/home/huy/ros2_ws/install/uav_motor_plugin:/home/huy/ros2_ws/install/uav_dynamics:/home/huy/ros2_ws/install/uav_controller:/opt/ros/humble:/home/huy/ros2_ws/install/uav_msgs:/home/huy/ros2_ws/install/uav_sim LD_LIBRARY_PATH=/home/huy/ros2_ws/install/uav_motor_plugin/lib:/home/huy/ros2_ws/install/uav_msgs/lib:/usr/lib/x86_64-linux-gnu/gazebo-11/plugins:/opt/ros/humble/opt/rviz_ogre_vendor/lib:/opt/ros/humble/lib/x86_64-linux-gnu:/opt/ros/humble/lib:/usr/lib/x86_64-linux-gnu/gazebo-11/plugins /usr/bin/cmake --build /home/huy/ros2_ws/build/uav_sim -- -j16 -l16
[0.031s] -- Found ament_cmake: 1.3.11 (/opt/ros/humble/share/ament_cmake/cmake)
[0.128s] -- Found rclcpp: 16.0.12 (/opt/ros/humble/share/rclcpp/cmake)
[0.153s] -- Found rosidl_generator_c: 3.1.6 (/opt/ros/humble/share/rosidl_generator_c/cmake)
[0.155s] -- Found rosidl_adapter: 3.1.6 (/opt/ros/humble/share/rosidl_adapter/cmake)
[0.159s] -- Found rosidl_generator_cpp: 3.1.6 (/opt/ros/humble/share/rosidl_generator_cpp/cmake)
[0.166s] -- Using all available rosidl_typesupport_c: rosidl_typesupport_fastrtps_c;rosidl_typesupport_introspection_c
[0.174s] -- Using all available rosidl_typesupport_cpp: rosidl_typesupport_fastrtps_cpp;rosidl_typesupport_introspection_cpp
[0.206s] -- Found rmw_implementation_cmake: 6.1.2 (/opt/ros/humble/share/rmw_implementation_cmake/cmake)
[0.207s] -- Found rmw_fastrtps_cpp: 6.2.7 (/opt/ros/humble/share/rmw_fastrtps_cpp/cmake)
[0.302s] -- Using RMW implementation 'rmw_fastrtps_cpp' as default
[0.347s] -- Found nav_msgs: 4.9.0 (/opt/ros/humble/share/nav_msgs/cmake)
[0.441s] -- Configuring done
[0.450s] -- Generating done
[0.453s] -- Build files have been written to: /home/huy/ros2_ws/build/uav_sim
[0.487s] [ 50%] [32mBuilding CXX object CMakeFiles/data_node.dir/src/show_data.cpp.o[0m
[2.431s] [01m[K/home/huy/ros2_ws/src/uav_sim/src/show_data.cpp:[m[K In constructor â€˜[01m[KShowData::ShowData()[m[Kâ€™:
[2.431s] [01m[K/home/huy/ros2_ws/src/uav_sim/src/show_data.cpp:3:24:[m[K [01;31m[Kerror: [m[Kexpected identifier before â€˜[01m[Kpublic[m[Kâ€™
[2.431s]     3 | ShowData::ShowData() : [01;31m[Kpublic[m[K rclcpp::Node("data_node")
[2.431s]       |                        [01;31m[K^~~~~~[m[K
[2.431s] [01m[K/home/huy/ros2_ws/src/uav_sim/src/show_data.cpp:3:24:[m[K [01;31m[Kerror: [m[Kno matching function for call to â€˜[01m[Krclcpp::Node::Node()[m[Kâ€™
[2.431s] In file included from [01m[K/opt/ros/humble/include/rclcpp/rclcpp/executors/single_threaded_executor.hpp:28[m[K,
[2.431s]                  from [01m[K/opt/ros/humble/include/rclcpp/rclcpp/executors.hpp:22[m[K,
[2.432s]                  from [01m[K/opt/ros/humble/include/rclcpp/rclcpp/rclcpp.hpp:155[m[K,
[2.432s]                  from [01m[K/home/huy/ros2_ws/src/uav_sim/include/show_data.hpp:3[m[K,
[2.432s]                  from [01m[K/home/huy/ros2_ws/src/uav_sim/src/show_data.cpp:1[m[K:
[2.432s] [01m[K/opt/ros/humble/include/rclcpp/rclcpp/node.hpp:1294:3:[m[K [01;36m[Knote: [m[Kcandidate: â€˜[01m[Krclcpp::Node::Node(const rclcpp::Node&, const string&)[m[Kâ€™
[2.432s]  1294 |   [01;36m[KNode[m[K(
[2.432s]       |   [01;36m[K^~~~[m[K
[2.432s] [01m[K/opt/ros/humble/include/rclcpp/rclcpp/node.hpp:1294:3:[m[K [01;36m[Knote: [m[K  candidate expects 2 arguments, 0 provided
[2.432s] [01m[K/opt/ros/humble/include/rclcpp/rclcpp/node.hpp:101:12:[m[K [01;36m[Knote: [m[Kcandidate: â€˜[01m[Krclcpp::Node::Node(const string&, const string&, const rclcpp::NodeOptions&)[m[Kâ€™
[2.432s]   101 |   explicit [01;36m[KNode[m[K(
[2.432s]       |            [01;36m[K^~~~[m[K
[2.432s] [01m[K/opt/ros/humble/include/rclcpp/rclcpp/node.hpp:101:12:[m[K [01;36m[Knote: [m[K  candidate expects 3 arguments, 0 provided
[2.432s] [01m[K/opt/ros/humble/include/rclcpp/rclcpp/node.hpp:89:12:[m[K [01;36m[Knote: [m[Kcandidate: â€˜[01m[Krclcpp::Node::Node(const string&, const rclcpp::NodeOptions&)[m[Kâ€™
[2.432s]    89 |   explicit [01;36m[KNode[m[K(
[2.432s]       |            [01;36m[K^~~~[m[K
[2.432s] [01m[K/opt/ros/humble/include/rclcpp/rclcpp/node.hpp:89:12:[m[K [01;36m[Knote: [m[K  candidate expects 2 arguments, 0 provided
[2.432s] [01m[K/home/huy/ros2_ws/src/uav_sim/src/show_data.cpp:3:24:[m[K [01;31m[Kerror: [m[Kexpected â€˜[01m[K{[m[Kâ€™ before â€˜[01m[Kpublic[m[Kâ€™
[2.432s]     3 | ShowData::ShowData() : [01;31m[Kpublic[m[K rclcpp::Node("data_node")
[2.433s]       |                        [01;31m[K^~~~~~[m[K
[2.433s] [01m[K/home/huy/ros2_ws/src/uav_sim/src/show_data.cpp:[m[K At global scope:
[2.433s] [01m[K/home/huy/ros2_ws/src/uav_sim/src/show_data.cpp:3:24:[m[K [01;31m[Kerror: [m[Kexpected unqualified-id before â€˜[01m[Kpublic[m[Kâ€™
[2.434s] [01m[K/home/huy/ros2_ws/src/uav_sim/src/show_data.cpp:[m[K In member function â€˜[01m[Kvoid ShowData::eposCallback(geometry_msgs::msg::Vector3_<std::allocator<void> >::SharedPtr)[m[Kâ€™:
[2.434s] [01m[K/home/huy/ros2_ws/src/uav_sim/src/show_data.cpp:48:23:[m[K [01;31m[Kerror: [m[Kâ€˜[01m[Kconst SharedPtr[m[Kâ€™ {aka â€˜[01m[Kconst class std::shared_ptr<geometry_msgs::msg::Vector3_<std::allocator<void> > >[m[Kâ€™} has no member named â€˜[01m[Kx[m[Kâ€™
[2.434s]    48 |     pid_data.ex = msg.[01;31m[Kx[m[K;
[2.434s]       |                       [01;31m[K^[m[K
[2.434s] [01m[K/home/huy/ros2_ws/src/uav_sim/src/show_data.cpp:49:23:[m[K [01;31m[Kerror: [m[Kâ€˜[01m[Kconst SharedPtr[m[Kâ€™ {aka â€˜[01m[Kconst class std::shared_ptr<geometry_msgs::msg::Vector3_<std::allocator<void> > >[m[Kâ€™} has no member named â€˜[01m[Ky[m[Kâ€™
[2.434s]    49 |     pid_data.ey = msg.[01;31m[Ky[m[K;
[2.434s]       |                       [01;31m[K^[m[K
[2.435s] [01m[K/home/huy/ros2_ws/src/uav_sim/src/show_data.cpp:50:23:[m[K [01;31m[Kerror: [m[Kâ€˜[01m[Kconst SharedPtr[m[Kâ€™ {aka â€˜[01m[Kconst class std::shared_ptr<geometry_msgs::msg::Vector3_<std::allocator<void> > >[m[Kâ€™} has no member named â€˜[01m[Kz[m[Kâ€™
[2.435s]    50 |     pid_data.ez = msg.[01;31m[Kz[m[K;
[2.435s]       |                       [01;31m[K^[m[K
[2.435s] [01m[K/home/huy/ros2_ws/src/uav_sim/src/show_data.cpp:[m[K In member function â€˜[01m[Kvoid ShowData::eposdotCallback(geometry_msgs::msg::Vector3_<std::allocator<void> >::SharedPtr)[m[Kâ€™:
[2.435s] [01m[K/home/huy/ros2_ws/src/uav_sim/src/show_data.cpp:55:27:[m[K [01;31m[Kerror: [m[Kâ€˜[01m[Kconst SharedPtr[m[Kâ€™ {aka â€˜[01m[Kconst class std::shared_ptr<geometry_msgs::msg::Vector3_<std::allocator<void> > >[m[Kâ€™} has no member named â€˜[01m[Kx[m[Kâ€™
[2.435s]    55 |     pid_data.ex_dot = msg.[01;31m[Kx[m[K;
[2.435s]       |                           [01;31m[K^[m[K
[2.435s] [01m[K/home/huy/ros2_ws/src/uav_sim/src/show_data.cpp:56:27:[m[K [01;31m[Kerror: [m[Kâ€˜[01m[Kconst SharedPtr[m[Kâ€™ {aka â€˜[01m[Kconst class std::shared_ptr<geometry_msgs::msg::Vector3_<std::allocator<void> > >[m[Kâ€™} has no member named â€˜[01m[Ky[m[Kâ€™
[2.435s]    56 |     pid_data.ey_dot = msg.[01;31m[Ky[m[K;
[2.435s]       |                           [01;31m[K^[m[K
[2.435s] [01m[K/home/huy/ros2_ws/src/uav_sim/src/show_data.cpp:57:27:[m[K [01;31m[Kerror: [m[Kâ€˜[01m[Kconst SharedPtr[m[Kâ€™ {aka â€˜[01m[Kconst class std::shared_ptr<geometry_msgs::msg::Vector3_<std::allocator<void> > >[m[Kâ€™} has no member named â€˜[01m[Kz[m[Kâ€™
[2.435s]    57 |     pid_data.ez_dot = msg.[01;31m[Kz[m[K;
[2.435s]       |                           [01;31m[K^[m[K
[2.435s] [01m[K/home/huy/ros2_ws/src/uav_sim/src/show_data.cpp:[m[K In member function â€˜[01m[Kvoid ShowData::attCallback(geometry_msgs::msg::Vector3_<std::allocator<void> >::SharedPtr)[m[Kâ€™:
[2.435s] [01m[K/home/huy/ros2_ws/src/uav_sim/src/show_data.cpp:62:28:[m[K [01;31m[Kerror: [m[Kâ€˜[01m[Kconst SharedPtr[m[Kâ€™ {aka â€˜[01m[Kconst class std::shared_ptr<geometry_msgs::msg::Vector3_<std::allocator<void> > >[m[Kâ€™} has no member named â€˜[01m[Kx[m[Kâ€™
[2.435s]    62 |     pid_data.phi_ref = msg.[01;31m[Kx[m[K;
[2.435s]       |                            [01;31m[K^[m[K
[2.435s] [01m[K/home/huy/ros2_ws/src/uav_sim/src/show_data.cpp:63:30:[m[K [01;31m[Kerror: [m[Kâ€˜[01m[Kconst SharedPtr[m[Kâ€™ {aka â€˜[01m[Kconst class std::shared_ptr<geometry_msgs::msg::Vector3_<std::allocator<void> > >[m[Kâ€™} has no member named â€˜[01m[Ky[m[Kâ€™
[2.435s]    63 |     pid_data.theta_ref = msg.[01;31m[Ky[m[K;
[2.435s]       |                              [01;31m[K^[m[K
[2.435s] [01m[K/home/huy/ros2_ws/src/uav_sim/src/show_data.cpp:64:28:[m[K [01;31m[Kerror: [m[Kâ€˜[01m[Kconst SharedPtr[m[Kâ€™ {aka â€˜[01m[Kconst class std::shared_ptr<geometry_msgs::msg::Vector3_<std::allocator<void> > >[m[Kâ€™} has no member named â€˜[01m[Kz[m[Kâ€™
[2.435s]    64 |     pid_data.psi_ref = msg.[01;31m[Kz[m[K;
[2.435s]       |                            [01;31m[K^[m[K
[2.436s] [01m[K/home/huy/ros2_ws/src/uav_sim/src/show_data.cpp:[m[K At global scope:
[2.436s] [01m[K/home/huy/ros2_ws/src/uav_sim/src/show_data.cpp:67:6:[m[K [01;31m[Kerror: [m[Kno declaration matches â€˜[01m[Kvoid ShowData::thrustCallback(geometry_msgs::msg::Vector3_<std::allocator<void> >::SharedPtr)[m[Kâ€™
[2.436s]    67 | void [01;31m[KShowData[m[K::thrustCallback(const geometry_msgs::msg::Vector3::SharedPtr msg)
[2.436s]       |      [01;31m[K^~~~~~~~[m[K
[2.436s] In file included from [01m[K/home/huy/ros2_ws/src/uav_sim/src/show_data.cpp:1[m[K:
[2.436s] [01m[K/home/huy/ros2_ws/src/uav_sim/include/show_data.hpp:45:10:[m[K [01;36m[Knote: [m[Kcandidate is: â€˜[01m[Kvoid ShowData::thrustCallback(std_msgs::msg::Float64_<std::allocator<void> >::SharedPtr)[m[Kâ€™
[2.436s]    45 |     void [01;36m[KthrustCallback[m[K(const std_msgs::msg::Float64::SharedPtr msg);
[2.436s]       |          [01;36m[K^~~~~~~~~~~~~~[m[K
[2.436s] [01m[K/home/huy/ros2_ws/src/uav_sim/include/show_data.hpp:35:7:[m[K [01;36m[Knote: [m[Kâ€˜[01m[Kclass ShowData[m[Kâ€™ defined here
[2.436s]    35 | class [01;36m[KShowData[m[K : public rclcpp::Node
[2.436s]       |       [01;36m[K^~~~~~~~[m[K
[2.763s] gmake[2]: *** [CMakeFiles/data_node.dir/build.make:76: CMakeFiles/data_node.dir/src/show_data.cpp.o] Error 1
[2.763s] gmake[1]: *** [CMakeFiles/Makefile2:137: CMakeFiles/data_node.dir/all] Error 2
[2.763s] gmake: *** [Makefile:146: all] Error 2
[2.766s] Invoked command in '/home/huy/ros2_ws/build/uav_sim' returned '2': CMAKE_PREFIX_PATH=/home/huy/ros2_ws/install/uav_motor_plugin:/home/huy/ros2_ws/install/uav_dynamics:/home/huy/ros2_ws/install/uav_controller:/opt/ros/humble:/home/huy/ros2_ws/install/uav_msgs:/home/huy/ros2_ws/install/uav_sim LD_LIBRARY_PATH=/home/huy/ros2_ws/install/uav_motor_plugin/lib:/home/huy/ros2_ws/install/uav_msgs/lib:/usr/lib/x86_64-linux-gnu/gazebo-11/plugins:/opt/ros/humble/opt/rviz_ogre_vendor/lib:/opt/ros/humble/lib/x86_64-linux-gnu:/opt/ros/humble/lib:/usr/lib/x86_64-linux-gnu/gazebo-11/plugins /usr/bin/cmake --build /home/huy/ros2_ws/build/uav_sim -- -j16 -l16
