[01m[K/home/huy/ros2_ws/src/uav_controller/src/pid_controller.cpp:[m[K In member function â€˜[01m[Kvoid Pos_Controller::controlLoop()[m[Kâ€™:
[01m[K/home/huy/ros2_ws/src/uav_controller/src/pid_controller.cpp:106:53:[m[K [01;31m[Kerror: [m[Kâ€˜[01m[Kw1[m[Kâ€™ was not declared in this scope; did you mean â€˜[01m[Ky1[m[Kâ€™?
  106 |     printf("w1: %.1f w2: %.1f w3: %.1f w4: %.1f\n", [01;31m[Kw1[m[K, w2, w3, w4);
      |                                                     [01;31m[K^~[m[K
      |                                                     [32m[Ky1[m[K
[01m[K/home/huy/ros2_ws/src/uav_controller/src/pid_controller.cpp:106:57:[m[K [01;31m[Kerror: [m[Kâ€˜[01m[Kw2[m[Kâ€™ was not declared in this scope; did you mean â€˜[01m[Kw[m[Kâ€™?
  106 |     printf("w1: %.1f w2: %.1f w3: %.1f w4: %.1f\n", w1, [01;31m[Kw2[m[K, w3, w4);
      |                                                         [01;31m[K^~[m[K
      |                                                         [32m[Kw[m[K
[01m[K/home/huy/ros2_ws/src/uav_controller/src/pid_controller.cpp:106:61:[m[K [01;31m[Kerror: [m[Kâ€˜[01m[Kw3[m[Kâ€™ was not declared in this scope; did you mean â€˜[01m[Kw[m[Kâ€™?
  106 |     printf("w1: %.1f w2: %.1f w3: %.1f w4: %.1f\n", w1, w2, [01;31m[Kw3[m[K, w4);
      |                                                             [01;31m[K^~[m[K
      |                                                             [32m[Kw[m[K
[01m[K/home/huy/ros2_ws/src/uav_controller/src/pid_controller.cpp:106:65:[m[K [01;31m[Kerror: [m[Kâ€˜[01m[Kw4[m[Kâ€™ was not declared in this scope; did you mean â€˜[01m[Kw[m[Kâ€™?
  106 |     printf("w1: %.1f w2: %.1f w3: %.1f w4: %.1f\n", w1, w2, w3, [01;31m[Kw4[m[K);
      |                                                                 [01;31m[K^~[m[K
      |                                                                 [32m[Kw[m[K
gmake[2]: *** [CMakeFiles/pos_controller_node.dir/build.make:76: CMakeFiles/pos_controller_node.dir/src/pid_controller.cpp.o] Error 1
gmake[1]: *** [CMakeFiles/Makefile2:167: CMakeFiles/pos_controller_node.dir/all] Error 2
gmake: *** [Makefile:146: all] Error 2
