-- Found ament_cmake: 1.3.12 (/opt/ros/humble/share/ament_cmake/cmake)
-- Found rclcpp: 16.0.17 (/opt/ros/humble/share/rclcpp/cmake)
-- Found rosidl_generator_c: 3.1.8 (/opt/ros/humble/share/rosidl_generator_c/cmake)
-- Found rosidl_adapter: 3.1.8 (/opt/ros/humble/share/rosidl_adapter/cmake)
-- Found rosidl_generator_cpp: 3.1.8 (/opt/ros/humble/share/rosidl_generator_cpp/cmake)
-- Using all available rosidl_typesupport_c: rosidl_typesupport_fastrtps_c;rosidl_typesupport_introspection_c
-- Using all available rosidl_typesupport_cpp: rosidl_typesupport_fastrtps_cpp;rosidl_typesupport_introspection_cpp
-- Found rmw_implementation_cmake: 6.1.2 (/opt/ros/humble/share/rmw_implementation_cmake/cmake)
-- Found rmw_fastrtps_cpp: 6.2.9 (/opt/ros/humble/share/rmw_fastrtps_cpp/cmake)
-- Using RMW implementation 'rmw_fastrtps_cpp' as default
-- Found sensor_msgs: 4.9.0 (/opt/ros/humble/share/sensor_msgs/cmake)
-- Found nav_msgs: 4.9.0 (/opt/ros/humble/share/nav_msgs/cmake)
-- Found uav_msgs: 0.0.0 (/home/huy/ros2_ws/install/uav_msgs/share/uav_msgs/cmake)
-- Found tf2: 0.25.18 (/opt/ros/humble/share/tf2/cmake)
-- Found tf2_ros: 0.25.18 (/opt/ros/humble/share/tf2_ros/cmake)
-- Found tf2_geometry_msgs: 0.25.18 (/opt/ros/humble/share/tf2_geometry_msgs/cmake)
-- Found eigen3_cmake_module: 0.1.1 (/opt/ros/humble/share/eigen3_cmake_module/cmake)
-- Ensuring Eigen3 include directory is part of orocos-kdl CMake target
-- Configuring done
-- Generating done
-- Build files have been written to: /home/huy/ros2_ws/build/uav_controller
[35m[1mConsolidate compiler generated dependencies of target smc_controller_node[0m
[35m[1mConsolidate compiler generated dependencies of target pos_controller_node[0m
[ 16%] [32mBuilding CXX object CMakeFiles/controller_node.dir/src/controller.cpp.o[0m
[ 33%] [32mBuilding CXX object CMakeFiles/pos_controller_node.dir/src/pid_controller.cpp.o[0m
[ 50%] [32mBuilding CXX object CMakeFiles/smc_controller_node.dir/src/smc_controller.cpp.o[0m
In file included from [01m[K/home/huy/ros2_ws/src/uav_controller/src/controller.cpp:1[m[K:
[01m[K/home/huy/ros2_ws/src/uav_controller/include/controller.hpp:8:10:[m[K [01;31m[Kfatal error: [m[Kuav_msgs/msg/uav_cmd.hpp: No such file or directory
    8 | #include [01;31m[K"uav_msgs/msg/uav_cmd.hpp"[m[K
      |          [01;31m[K^~~~~~~~~~~~~~~~~~~~~~~~~~[m[K
compilation terminated.
gmake[2]: *** [CMakeFiles/controller_node.dir/build.make:76: CMakeFiles/controller_node.dir/src/controller.cpp.o] Error 1
gmake[1]: *** [CMakeFiles/Makefile2:141: CMakeFiles/controller_node.dir/all] Error 2
gmake[1]: *** Waiting for unfinished jobs....
[01m[K/home/huy/ros2_ws/src/uav_controller/src/smc_controller.cpp:30:1:[m[K [01;31m[Kerror: [m[Kredefinition of â€˜[01m[KSMC::SMC(double, double)[m[Kâ€™
   30 | [01;31m[KSMC[m[K::SMC(double lambda, double k) : lambda_(lambda), k_(k)
      | [01;31m[K^~~[m[K
[01m[K/home/huy/ros2_ws/src/uav_controller/src/smc_controller.cpp:9:1:[m[K [01;36m[Knote: [m[Kâ€˜[01m[KSMC::SMC(double, double)[m[Kâ€™ previously defined here
    9 | [01;36m[KSMC[m[K::SMC(double lambda, double k) : lambda_(lambda), k_(k)
      | [01;36m[K^~~[m[K
[01m[K/home/huy/ros2_ws/src/uav_controller/src/smc_controller.cpp:33:8:[m[K [01;31m[Kerror: [m[Kredefinition of â€˜[01m[Kdouble SMC::update(double, double)[m[Kâ€™
   33 | double [01;31m[KSMC[m[K::update(double e, double edot)
      |        [01;31m[K^~~[m[K
[01m[K/home/huy/ros2_ws/src/uav_controller/src/smc_controller.cpp:12:8:[m[K [01;36m[Knote: [m[Kâ€˜[01m[Kdouble SMC::update(double, double)[m[Kâ€™ previously defined here
   12 | double [01;36m[KSMC[m[K::update(double e, double edot)
      |        [01;36m[K^~~[m[K
[01m[K/home/huy/ros2_ws/src/uav_controller/src/smc_controller.cpp:41:8:[m[K [01;31m[Kerror: [m[Kredefinition of â€˜[01m[Kdouble SMC::get_lambda()[m[Kâ€™
   41 | double [01;31m[KSMC[m[K::get_lambda()
      |        [01;31m[K^~~[m[K
[01m[K/home/huy/ros2_ws/src/uav_controller/src/smc_controller.cpp:20:8:[m[K [01;36m[Knote: [m[Kâ€˜[01m[Kdouble SMC::get_lambda()[m[Kâ€™ previously defined here
   20 | double [01;36m[KSMC[m[K::get_lambda()
      |        [01;36m[K^~~[m[K
[01m[K/home/huy/ros2_ws/src/uav_controller/src/smc_controller.cpp:46:8:[m[K [01;31m[Kerror: [m[Kredefinition of â€˜[01m[Kdouble SMC::get_slide(double, double)[m[Kâ€™
   46 | double [01;31m[KSMC[m[K::get_slide(double e, double edot)
      |        [01;31m[K^~~[m[K
[01m[K/home/huy/ros2_ws/src/uav_controller/src/smc_controller.cpp:25:8:[m[K [01;36m[Knote: [m[Kâ€˜[01m[Kdouble SMC::get_slide(double, double)[m[Kâ€™ previously defined here
   25 | double [01;36m[KSMC[m[K::get_slide(double e, double edot)
      |        [01;36m[K^~~[m[K
gmake[2]: *** [CMakeFiles/smc_controller_node.dir/build.make:76: CMakeFiles/smc_controller_node.dir/src/smc_controller.cpp.o] Error 1
gmake[1]: *** [CMakeFiles/Makefile2:193: CMakeFiles/smc_controller_node.dir/all] Error 2
[ 66%] [32m[1mLinking CXX executable pos_controller_node[0m
[ 66%] Built target pos_controller_node
gmake: *** [Makefile:146: all] Error 2
