[0.012s] Invoking command in '/home/huy/ros2_ws/build/uav_motor_plugin': CMAKE_PREFIX_PATH=/opt/ros/humble:/home/huy/ros2_ws/install/uav_msgs:/home/huy/ros2_ws/install/uav_sim:/home/huy/ros2_ws/install/uav_dynamics:/home/huy/ros2_ws/install/uav_motor_plugin:/home/huy/ros2_ws/install/uav_controller LD_LIBRARY_PATH=/home/huy/ros2_ws/install/uav_msgs/lib:/home/huy/ros2_ws/install/uav_motor_plugin/lib:/usr/lib/x86_64-linux-gnu/gazebo-11/plugins:/opt/ros/humble/opt/rviz_ogre_vendor/lib:/opt/ros/humble/lib/x86_64-linux-gnu:/opt/ros/humble/lib:/usr/lib/x86_64-linux-gnu/gazebo-11/plugins /usr/bin/cmake --build /home/huy/ros2_ws/build/uav_motor_plugin -- -j16 -l16
[0.037s] -- Found ament_cmake: 1.3.11 (/opt/ros/humble/share/ament_cmake/cmake)
[0.151s] -- Found gazebo_dev: 3.9.0 (/opt/ros/humble/share/gazebo_dev/cmake)
[0.190s] -- Found DART: /usr/include (Required is at least version "6.6") found components: dart 
[0.231s] -- Found Protobuf: /usr/lib/x86_64-linux-gnu/libprotobuf.so (found version "3.12.4") 
[0.233s] -- Looking for ignition-math6 -- found version 6.15.1
[0.239s] -- Searching for dependencies of ignition-math6
[0.241s] -- Looking for OGRE...
[0.247s] -- Found Ogre Ghadamon (1.9.0)
[0.248s] -- Found OGRE: optimized;/usr/lib/x86_64-linux-gnu/libOgreMain.so;debug;/usr/lib/x86_64-linux-gnu/libOgreMain.so
[0.256s] -- Looking for OGRE_Paging...
[0.256s] -- Found OGRE_Paging: optimized;/usr/lib/x86_64-linux-gnu/libOgrePaging.so;debug;/usr/lib/x86_64-linux-gnu/libOgrePaging.so
[0.256s] -- Looking for OGRE_Terrain...
[0.256s] -- Found OGRE_Terrain: optimized;/usr/lib/x86_64-linux-gnu/libOgreTerrain.so;debug;/usr/lib/x86_64-linux-gnu/libOgreTerrain.so
[0.256s] -- Looking for OGRE_Property...
[0.256s] -- Found OGRE_Property: optimized;/usr/lib/x86_64-linux-gnu/libOgreProperty.so;debug;/usr/lib/x86_64-linux-gnu/libOgreProperty.so
[0.256s] -- Looking for OGRE_RTShaderSystem...
[0.256s] -- Found OGRE_RTShaderSystem: optimized;/usr/lib/x86_64-linux-gnu/libOgreRTShaderSystem.so;debug;/usr/lib/x86_64-linux-gnu/libOgreRTShaderSystem.so
[0.256s] -- Looking for OGRE_Volume...
[0.256s] -- Found OGRE_Volume: optimized;/usr/lib/x86_64-linux-gnu/libOgreVolume.so;debug;/usr/lib/x86_64-linux-gnu/libOgreVolume.so
[0.257s] -- Looking for OGRE_Overlay...
[0.257s] -- Found OGRE_Overlay: optimized;/usr/lib/x86_64-linux-gnu/libOgreOverlay.so;debug;/usr/lib/x86_64-linux-gnu/libOgreOverlay.so
[0.358s] -- Looking for ignition-math6 -- found version 6.15.1
[0.359s] -- Looking for ignition-transport8 -- found version 8.2.1
[0.360s] -- Searching for dependencies of ignition-transport8
[0.379s] -- Found Protobuf: /usr/lib/x86_64-linux-gnu/libprotobuf.so (found suitable version "3.12.4", minimum required is "3") 
[0.392s] -- Config-file not installed for ZeroMQ -- checking for pkg-config
[0.401s] -- Checking for module 'libzmq >= 4'
[0.424s] --   Found libzmq , version 4.3.4
[0.477s] -- Checking for module 'uuid'
[0.490s] --   Found uuid, version 2.37.2
[0.525s] -- Looking for ignition-msgs5 -- found version 5.8.1
[0.525s] -- Searching for dependencies of ignition-msgs5
[0.545s] -- Looking for ignition-math6 -- found version 6.15.1
[0.550s] -- Checking for module 'tinyxml2'
[0.564s] --   Found tinyxml2, version 9.0.0
[0.599s] -- Looking for ignition-msgs5 -- found version 5.8.1
[0.600s] -- Looking for ignition-common3 -- found version 3.14.0
[0.600s] -- Searching for dependencies of ignition-common3
[0.601s] -- Looking for dlfcn.h - found
[0.601s] -- Looking for libdl - found
[0.614s] -- Searching for <ignition-common3> component [graphics]
[0.614s] -- Looking for ignition-common3-graphics -- found version 3.14.0
[0.614s] -- Searching for dependencies of ignition-common3-graphics
[0.615s] -- Looking for ignition-math6 -- found version 6.15.1
[0.616s] -- Looking for ignition-fuel_tools4 -- found version 4.4.0
[0.617s] -- Searching for dependencies of ignition-fuel_tools4
[0.660s] -- Checking for module 'jsoncpp'
[0.677s] --   Found jsoncpp, version 1.9.5
[0.724s] -- Checking for module 'libzip'
[0.746s] --   Found libzip, version 1.7.3
[0.797s] -- Looking for ignition-common3 -- found version 3.14.0
[0.797s] -- Looking for ignition-math6 -- found version 6.15.1
[0.797s] -- Looking for ignition-msgs5 -- found version 5.8.1
[0.800s] -- Gazebo version: 11.10
[0.801s] -- Found gazebo_ros: 3.9.0 (/opt/ros/humble/share/gazebo_ros/cmake)
[0.827s] -- Found rosidl_generator_c: 3.1.6 (/opt/ros/humble/share/rosidl_generator_c/cmake)
[0.830s] -- Found rosidl_adapter: 3.1.6 (/opt/ros/humble/share/rosidl_adapter/cmake)
[0.835s] -- Found rosidl_generator_cpp: 3.1.6 (/opt/ros/humble/share/rosidl_generator_cpp/cmake)
[0.844s] -- Using all available rosidl_typesupport_c: rosidl_typesupport_fastrtps_c;rosidl_typesupport_introspection_c
[0.862s] -- Using all available rosidl_typesupport_cpp: rosidl_typesupport_fastrtps_cpp;rosidl_typesupport_introspection_cpp
[0.908s] -- Found rmw_implementation_cmake: 6.1.2 (/opt/ros/humble/share/rmw_implementation_cmake/cmake)
[0.909s] -- Found rmw_fastrtps_cpp: 6.2.7 (/opt/ros/humble/share/rmw_fastrtps_cpp/cmake)
[1.050s] -- Using RMW implementation 'rmw_fastrtps_cpp' as default
[1.104s] -- Found uav_msgs: 0.0.0 (/home/huy/ros2_ws/install/uav_msgs/share/uav_msgs/cmake)
[1.246s] -- Configuring done
[1.289s] -- Generating done
[1.294s] -- Build files have been written to: /home/huy/ros2_ws/build/uav_motor_plugin
[1.337s] [35m[1mConsolidate compiler generated dependencies of target uav_motor_plugin[0m
[1.386s] [ 50%] [32mBuilding CXX object CMakeFiles/uav_motor_plugin.dir/src/uav_motor_plugin.cpp.o[0m
[11.329s] [01m[K/home/huy/ros2_ws/src/uav_motor_plugin/src/uav_motor_plugin.cpp:[m[K In member function â€˜[01m[Kvoid gazebo::QuadMotorPlugin::CommandCallback(uav_msgs::msg::UavCmd_<std::allocator<void> >::SharedPtr)[m[Kâ€™:
[11.329s] [01m[K/home/huy/ros2_ws/src/uav_motor_plugin/src/uav_motor_plugin.cpp:45:28:[m[K [01;31m[Kerror: [m[Kâ€˜[01m[Kconst SharedPtr[m[Kâ€™ {aka â€˜[01m[Kconst class std::shared_ptr<uav_msgs::msg::UavCmd_<std::allocator<void> > >[m[Kâ€™} has no member named â€˜[01m[Kw1[m[Kâ€™
[11.329s]    45 |   motors_[0].command = msg.[01;31m[Kw1[m[K;
[11.329s]       |                            [01;31m[K^~[m[K
[11.329s] [01m[K/home/huy/ros2_ws/src/uav_motor_plugin/src/uav_motor_plugin.cpp:46:28:[m[K [01;31m[Kerror: [m[Kâ€˜[01m[Kconst SharedPtr[m[Kâ€™ {aka â€˜[01m[Kconst class std::shared_ptr<uav_msgs::msg::UavCmd_<std::allocator<void> > >[m[Kâ€™} has no member named â€˜[01m[Kw2[m[Kâ€™
[11.329s]    46 |   motors_[1].command = msg.[01;31m[Kw2[m[K;
[11.329s]       |                            [01;31m[K^~[m[K
[11.329s] [01m[K/home/huy/ros2_ws/src/uav_motor_plugin/src/uav_motor_plugin.cpp:47:28:[m[K [01;31m[Kerror: [m[Kâ€˜[01m[Kconst SharedPtr[m[Kâ€™ {aka â€˜[01m[Kconst class std::shared_ptr<uav_msgs::msg::UavCmd_<std::allocator<void> > >[m[Kâ€™} has no member named â€˜[01m[Kw3[m[Kâ€™
[11.329s]    47 |   motors_[2].command = msg.[01;31m[Kw3[m[K;
[11.330s]       |                            [01;31m[K^~[m[K
[11.330s] [01m[K/home/huy/ros2_ws/src/uav_motor_plugin/src/uav_motor_plugin.cpp:48:28:[m[K [01;31m[Kerror: [m[Kâ€˜[01m[Kconst SharedPtr[m[Kâ€™ {aka â€˜[01m[Kconst class std::shared_ptr<uav_msgs::msg::UavCmd_<std::allocator<void> > >[m[Kâ€™} has no member named â€˜[01m[Kw4[m[Kâ€™
[11.330s]    48 |   motors_[3].command = msg.[01;31m[Kw4[m[K;
[11.330s]       |                            [01;31m[K^~[m[K
[14.532s] gmake[2]: *** [CMakeFiles/uav_motor_plugin.dir/build.make:76: CMakeFiles/uav_motor_plugin.dir/src/uav_motor_plugin.cpp.o] Error 1
[14.532s] gmake[1]: *** [CMakeFiles/Makefile2:137: CMakeFiles/uav_motor_plugin.dir/all] Error 2
[14.533s] gmake: *** [Makefile:146: all] Error 2
