[01m[K/home/huy/ros2_ws/src/uav_dynamics/src/uav_cmd_pub.cpp:1:10:[m[K [01;31m[Kfatal error: [m[Kuav_dynamics/uav_cmd_pub.hpp: No such file or directory
    1 | #include [01;31m[K"uav_dynamics/uav_cmd_pub.hpp"[m[K
      |          [01;31m[K^~~~~~~~~~~~~~~~~~~~~~~~~~~~~~[m[K
compilation terminated.
gmake[2]: *** [CMakeFiles/cmd_pub_node.dir/build.make:76: CMakeFiles/cmd_pub_node.dir/src/uav_cmd_pub.cpp.o] Error 1
gmake[1]: *** [CMakeFiles/Makefile2:165: CMakeFiles/cmd_pub_node.dir/all] Error 2
gmake[1]: *** Waiting for unfinished jobs....
[01m[K/home/huy/ros2_ws/src/uav_dynamics/src/dynamics_node.cpp:1:10:[m[K [01;31m[Kfatal error: [m[Kuav_dynamics/dynamics_node.hpp: No such file or directory
    1 | #include [01;31m[K"uav_dynamics/dynamics_node.hpp"[m[K
      |          [01;31m[K^~~~~~~~~~~~~~~~~~~~~~~~~~~~~~~~[m[K
[01m[K/home/huy/ros2_ws/src/uav_dynamics/src/uav_cmd_pub.cpp:1:10:[m[K [01;31m[Kfatal error: [m[Kuav_dynamics/uav_cmd_pub.hpp: No such file or directory
    1 | #include [01;31m[K"uav_dynamics/uav_cmd_pub.hpp"[m[K
      |          [01;31m[K^~~~~~~~~~~~~~~~~~~~~~~~~~~~~~[m[K
compilation terminated.
compilation terminated.
gmake[2]: *** [CMakeFiles/dynamics_node.dir/build.make:118: CMakeFiles/dynamics_node.dir/src/uav_cmd_pub.cpp.o] Error 1
gmake[2]: *** Waiting for unfinished jobs....
gmake[2]: *** [CMakeFiles/dynamics_node.dir/build.make:90: CMakeFiles/dynamics_node.dir/src/dynamics_node.cpp.o] Error 1
gmake[1]: *** [CMakeFiles/Makefile2:139: CMakeFiles/dynamics_node.dir/all] Error 2
gmake: *** [Makefile:146: all] Error 2
