[0.026s] Invoking command in '/home/huy/ros2_ws/build/uav_dynamics': CMAKE_PREFIX_PATH=/opt/ros/humble:/home/huy/ros2_ws/install/uav_msgs:/home/huy/ros2_ws/install/uav_dynamics:/home/huy/ros2_ws/install/uav_motor_plugin LD_LIBRARY_PATH=/home/huy/ros2_ws/install/uav_msgs/lib:/home/huy/ros2_ws/install/uav_motor_plugin/lib:/usr/lib/x86_64-linux-gnu/gazebo-11/plugins:/opt/ros/humble/opt/rviz_ogre_vendor/lib:/opt/ros/humble/lib/x86_64-linux-gnu:/opt/ros/humble/lib:/usr/lib/x86_64-linux-gnu/gazebo-11/plugins /usr/bin/cmake --build /home/huy/ros2_ws/build/uav_dynamics -- -j16 -l16
[0.089s] -- Found ament_cmake: 1.3.11 (/opt/ros/humble/share/ament_cmake/cmake)
[0.386s] -- Found rclcpp: 16.0.12 (/opt/ros/humble/share/rclcpp/cmake)
[0.454s] -- Found rosidl_generator_c: 3.1.6 (/opt/ros/humble/share/rosidl_generator_c/cmake)
[0.459s] -- Found rosidl_adapter: 3.1.6 (/opt/ros/humble/share/rosidl_adapter/cmake)
[0.472s] -- Found rosidl_generator_cpp: 3.1.6 (/opt/ros/humble/share/rosidl_generator_cpp/cmake)
[0.493s] -- Using all available rosidl_typesupport_c: rosidl_typesupport_fastrtps_c;rosidl_typesupport_introspection_c
[0.520s] -- Using all available rosidl_typesupport_cpp: rosidl_typesupport_fastrtps_cpp;rosidl_typesupport_introspection_cpp
[0.592s] -- Found rmw_implementation_cmake: 6.1.2 (/opt/ros/humble/share/rmw_implementation_cmake/cmake)
[0.595s] -- Found rmw_fastrtps_cpp: 6.2.7 (/opt/ros/humble/share/rmw_fastrtps_cpp/cmake)
[0.863s] -- Using RMW implementation 'rmw_fastrtps_cpp' as default
[0.971s] -- Found uav_msgs: 0.0.0 (/home/huy/ros2_ws/install/uav_msgs/share/uav_msgs/cmake)
[0.990s] -- Found sensor_msgs: 4.9.0 (/opt/ros/humble/share/sensor_msgs/cmake)
[1.203s] -- Configuring done
[1.235s] -- Generating done
[1.249s] -- Build files have been written to: /home/huy/ros2_ws/build/uav_dynamics
[1.315s] [35m[1mConsolidate compiler generated dependencies of target dynamics_node[0m
[1.336s] [ 14%] [32mBuilding CXX object CMakeFiles/cmd_pub_node.dir/src/uav_cmd_pub.cpp.o[0m
[1.358s] [01m[K/home/huy/ros2_ws/src/uav_dynamics/src/uav_cmd_pub.cpp:1:10:[m[K [01;31m[Kfatal error: [m[Kuav_dynamics/uav_cmd_pub.hpp: No such file or directory
[1.359s]     1 | #include [01;31m[K"uav_dynamics/uav_cmd_pub.hpp"[m[K
[1.359s]       |          [01;31m[K^~~~~~~~~~~~~~~~~~~~~~~~~~~~~~[m[K
[1.359s] compilation terminated.
[1.361s] gmake[2]: *** [CMakeFiles/cmd_pub_node.dir/build.make:76: CMakeFiles/cmd_pub_node.dir/src/uav_cmd_pub.cpp.o] Error 1
[1.361s] gmake[1]: *** [CMakeFiles/Makefile2:165: CMakeFiles/cmd_pub_node.dir/all] Error 2
[1.362s] gmake[1]: *** Waiting for unfinished jobs....
[1.375s] [ 28%] [32mBuilding CXX object CMakeFiles/dynamics_node.dir/src/dynamics_node.cpp.o[0m
[1.376s] [ 42%] [32mBuilding CXX object CMakeFiles/dynamics_node.dir/src/uav_cmd_pub.cpp.o[0m
[1.397s] [01m[K/home/huy/ros2_ws/src/uav_dynamics/src/dynamics_node.cpp:1:10:[m[K [01;31m[Kfatal error: [m[Kuav_dynamics/dynamics_node.hpp: No such file or directory
[1.397s]     1 | #include [01;31m[K"uav_dynamics/dynamics_node.hpp"[m[K
[1.397s]       |          [01;31m[K^~~~~~~~~~~~~~~~~~~~~~~~~~~~~~~~[m[K
[1.397s] [01m[K/home/huy/ros2_ws/src/uav_dynamics/src/uav_cmd_pub.cpp:1:10:[m[K [01;31m[Kfatal error: [m[Kuav_dynamics/uav_cmd_pub.hpp: No such file or directory
[1.397s]     1 | #include [01;31m[K"uav_dynamics/uav_cmd_pub.hpp"[m[K
[1.398s]       |          [01;31m[K^~~~~~~~~~~~~~~~~~~~~~~~~~~~~~[m[K
[1.398s] compilation terminated.
[1.398s] compilation terminated.
[1.399s] gmake[2]: *** [CMakeFiles/dynamics_node.dir/build.make:118: CMakeFiles/dynamics_node.dir/src/uav_cmd_pub.cpp.o] Error 1
[1.399s] gmake[2]: *** Waiting for unfinished jobs....
[1.399s] gmake[2]: *** [CMakeFiles/dynamics_node.dir/build.make:90: CMakeFiles/dynamics_node.dir/src/dynamics_node.cpp.o] Error 1
[1.400s] gmake[1]: *** [CMakeFiles/Makefile2:139: CMakeFiles/dynamics_node.dir/all] Error 2
[1.400s] gmake: *** [Makefile:146: all] Error 2
[1.406s] Invoked command in '/home/huy/ros2_ws/build/uav_dynamics' returned '2': CMAKE_PREFIX_PATH=/opt/ros/humble:/home/huy/ros2_ws/install/uav_msgs:/home/huy/ros2_ws/install/uav_dynamics:/home/huy/ros2_ws/install/uav_motor_plugin LD_LIBRARY_PATH=/home/huy/ros2_ws/install/uav_msgs/lib:/home/huy/ros2_ws/install/uav_motor_plugin/lib:/usr/lib/x86_64-linux-gnu/gazebo-11/plugins:/opt/ros/humble/opt/rviz_ogre_vendor/lib:/opt/ros/humble/lib/x86_64-linux-gnu:/opt/ros/humble/lib:/usr/lib/x86_64-linux-gnu/gazebo-11/plugins /usr/bin/cmake --build /home/huy/ros2_ws/build/uav_dynamics -- -j16 -l16
