In file included from [01m[K/home/huy/ros2_ws/src/drone_drive/src/drone_drive.cpp:1[m[K:
[01m[K/home/huy/ros2_ws/src/drone_drive/include/drone_drive/drone_drive.hpp:5:10:[m[K [01;31m[Kfatal error: [m[Ksensor_msgs/msg/imu.hpp: No such file or directory
    5 | #include [01;31m[K<sensor_msgs/msg/imu.hpp>[m[K
      |          [01;31m[K^~~~~~~~~~~~~~~~~~~~~~~~~[m[K
compilation terminated.
gmake[2]: *** [CMakeFiles/drone_drive.dir/build.make:76: CMakeFiles/drone_drive.dir/src/drone_drive.cpp.o] Error 1
gmake[1]: *** [CMakeFiles/Makefile2:137: CMakeFiles/drone_drive.dir/all] Error 2
gmake: *** [Makefile:146: all] Error 2
