[0.012s] Invoking command in '/home/huy/ros2_ws/build/drone_drive': CMAKE_PREFIX_PATH=${CMAKE_PREFIX_PATH}:/home/huy/ros2_ws/install/my_robot_pkg:/opt/ros/humble /usr/bin/cmake --build /home/huy/ros2_ws/build/drone_drive -- -j16 -l16
[0.037s] -- Found ament_cmake: 1.3.11 (/opt/ros/humble/share/ament_cmake/cmake)
[0.129s] -- Found rclcpp: 16.0.12 (/opt/ros/humble/share/rclcpp/cmake)
[0.150s] -- Found rosidl_generator_c: 3.1.6 (/opt/ros/humble/share/rosidl_generator_c/cmake)
[0.152s] -- Found rosidl_adapter: 3.1.6 (/opt/ros/humble/share/rosidl_adapter/cmake)
[0.156s] -- Found rosidl_generator_cpp: 3.1.6 (/opt/ros/humble/share/rosidl_generator_cpp/cmake)
[0.163s] -- Using all available rosidl_typesupport_c: rosidl_typesupport_fastrtps_c;rosidl_typesupport_introspection_c
[0.171s] -- Using all available rosidl_typesupport_cpp: rosidl_typesupport_fastrtps_cpp;rosidl_typesupport_introspection_cpp
[0.194s] -- Found rmw_implementation_cmake: 6.1.2 (/opt/ros/humble/share/rmw_implementation_cmake/cmake)
[0.195s] -- Found rmw_fastrtps_cpp: 6.2.7 (/opt/ros/humble/share/rmw_fastrtps_cpp/cmake)
[0.281s] -- Using RMW implementation 'rmw_fastrtps_cpp' as default
[0.315s] -- Found geometry_msgs: 4.9.0 (/opt/ros/humble/share/geometry_msgs/cmake)
[0.323s] -- Found gazebo_ros: 3.9.0 (/opt/ros/humble/share/gazebo_ros/cmake)
[0.347s] -- Found DART: /usr/include (Required is at least version "6.6") found components: dart 
[0.369s] -- Found Protobuf: /usr/lib/x86_64-linux-gnu/libprotobuf.so (found version "3.12.4") 
[0.370s] -- Looking for ignition-math6 -- found version 6.15.1
[0.373s] -- Searching for dependencies of ignition-math6
[0.374s] -- Looking for OGRE...
[0.379s] -- Found Ogre Ghadamon (1.9.0)
[0.379s] -- Found OGRE: optimized;/usr/lib/x86_64-linux-gnu/libOgreMain.so;debug;/usr/lib/x86_64-linux-gnu/libOgreMain.so
[0.386s] -- Looking for OGRE_Paging...
[0.386s] -- Found OGRE_Paging: optimized;/usr/lib/x86_64-linux-gnu/libOgrePaging.so;debug;/usr/lib/x86_64-linux-gnu/libOgrePaging.so
[0.387s] -- Looking for OGRE_Terrain...
[0.387s] -- Found OGRE_Terrain: optimized;/usr/lib/x86_64-linux-gnu/libOgreTerrain.so;debug;/usr/lib/x86_64-linux-gnu/libOgreTerrain.so
[0.387s] -- Looking for OGRE_Property...
[0.387s] -- Found OGRE_Property: optimized;/usr/lib/x86_64-linux-gnu/libOgreProperty.so;debug;/usr/lib/x86_64-linux-gnu/libOgreProperty.so
[0.387s] -- Looking for OGRE_RTShaderSystem...
[0.387s] -- Found OGRE_RTShaderSystem: optimized;/usr/lib/x86_64-linux-gnu/libOgreRTShaderSystem.so;debug;/usr/lib/x86_64-linux-gnu/libOgreRTShaderSystem.so
[0.387s] -- Looking for OGRE_Volume...
[0.387s] -- Found OGRE_Volume: optimized;/usr/lib/x86_64-linux-gnu/libOgreVolume.so;debug;/usr/lib/x86_64-linux-gnu/libOgreVolume.so
[0.387s] -- Looking for OGRE_Overlay...
[0.387s] -- Found OGRE_Overlay: optimized;/usr/lib/x86_64-linux-gnu/libOgreOverlay.so;debug;/usr/lib/x86_64-linux-gnu/libOgreOverlay.so
[0.463s] -- Looking for ignition-math6 -- found version 6.15.1
[0.464s] -- Looking for ignition-transport8 -- found version 8.2.1
[0.464s] -- Searching for dependencies of ignition-transport8
[0.480s] -- Found Protobuf: /usr/lib/x86_64-linux-gnu/libprotobuf.so (found suitable version "3.12.4", minimum required is "3") 
[0.490s] -- Config-file not installed for ZeroMQ -- checking for pkg-config
[0.495s] -- Checking for module 'libzmq >= 4'
[0.508s] --   Found libzmq , version 4.3.4
[0.546s] -- Checking for module 'uuid'
[0.557s] --   Found uuid, version 2.37.2
[0.586s] -- Looking for ignition-msgs5 -- found version 5.8.1
[0.586s] -- Searching for dependencies of ignition-msgs5
[0.603s] -- Looking for ignition-math6 -- found version 6.15.1
[0.607s] -- Checking for module 'tinyxml2'
[0.618s] --   Found tinyxml2, version 9.0.0
[0.650s] -- Looking for ignition-msgs5 -- found version 5.8.1
[0.650s] -- Looking for ignition-common3 -- found version 3.14.0
[0.650s] -- Searching for dependencies of ignition-common3
[0.650s] -- Looking for dlfcn.h - found
[0.650s] -- Looking for libdl - found
[0.659s] -- Searching for <ignition-common3> component [graphics]
[0.660s] -- Looking for ignition-common3-graphics -- found version 3.14.0
[0.660s] -- Searching for dependencies of ignition-common3-graphics
[0.660s] -- Looking for ignition-math6 -- found version 6.15.1
[0.661s] -- Looking for ignition-fuel_tools4 -- found version 4.4.0
[0.661s] -- Searching for dependencies of ignition-fuel_tools4
[0.697s] -- Checking for module 'jsoncpp'
[0.708s] --   Found jsoncpp, version 1.9.5
[0.742s] -- Checking for module 'libzip'
[0.754s] --   Found libzip, version 1.7.3
[0.782s] -- Looking for ignition-common3 -- found version 3.14.0
[0.783s] -- Looking for ignition-math6 -- found version 6.15.1
[0.783s] -- Looking for ignition-msgs5 -- found version 5.8.1
[0.784s] -- Gazebo version: 11.10
[0.785s] -- Found gazebo_msgs: 3.9.0 (/opt/ros/humble/share/gazebo_msgs/cmake)
[0.810s] -- Found rclcpp_components: 16.0.12 (/opt/ros/humble/share/rclcpp_components/cmake)
[0.823s] -- Found nav_msgs: 4.9.0 (/opt/ros/humble/share/nav_msgs/cmake)
[0.835s] -- Found tf2: 0.25.13 (/opt/ros/humble/share/tf2/cmake)
[0.837s] -- Found tf2_ros: 0.25.13 (/opt/ros/humble/share/tf2_ros/cmake)
[0.878s] -- Found sensor_msgs: 4.9.0 (/opt/ros/humble/share/sensor_msgs/cmake)
[0.894s] -- Found ament_lint_auto: 0.12.12 (/opt/ros/humble/share/ament_lint_auto/cmake)
[0.945s] -- Added test 'cppcheck' to perform static code analysis on C / C++ code
[0.946s] -- Configured cppcheck include dirs: /home/huy/ros2_ws/src/drone_drive/include
[0.946s] -- Configured cppcheck exclude dirs and/or files: 
[0.946s] -- Added test 'lint_cmake' to check CMake code style
[0.947s] -- Added test 'uncrustify' to check C / C++ code style
[0.947s] -- Configured uncrustify additional arguments: 
[0.947s] -- Added test 'xmllint' to check XML markup files
[0.948s] -- Configuring done
[0.969s] -- Generating done
[0.974s] -- Build files have been written to: /home/huy/ros2_ws/build/drone_drive
[1.002s] [35m[1mConsolidate compiler generated dependencies of target drone_drive[0m
[1.034s] [ 50%] [32mBuilding CXX object CMakeFiles/drone_drive.dir/src/drone_drive.cpp.o[0m
[1.309s] In file included from [01m[K/home/huy/ros2_ws/src/drone_drive/src/drone_drive.cpp:1[m[K:
[1.309s] [01m[K/home/huy/ros2_ws/src/drone_drive/include/drone_drive/drone_drive.hpp:5:10:[m[K [01;31m[Kfatal error: [m[Ksensor_msgs/msg/imu.hpp: No such file or directory
[1.310s]     5 | #include [01;31m[K<sensor_msgs/msg/imu.hpp>[m[K
[1.310s]       |          [01;31m[K^~~~~~~~~~~~~~~~~~~~~~~~~[m[K
[1.310s] compilation terminated.
[1.314s] gmake[2]: *** [CMakeFiles/drone_drive.dir/build.make:76: CMakeFiles/drone_drive.dir/src/drone_drive.cpp.o] Error 1
[1.314s] gmake[1]: *** [CMakeFiles/Makefile2:137: CMakeFiles/drone_drive.dir/all] Error 2
[1.315s] gmake: *** [Makefile:146: all] Error 2
[1.317s] Invoked command in '/home/huy/ros2_ws/build/drone_drive' returned '2': CMAKE_PREFIX_PATH=${CMAKE_PREFIX_PATH}:/home/huy/ros2_ws/install/my_robot_pkg:/opt/ros/humble /usr/bin/cmake --build /home/huy/ros2_ws/build/drone_drive -- -j16 -l16
