[01m[K/home/huy/ros2_ws/src/uav_controller/src/smc_controller.cpp:[m[K In constructor â€˜[01m[KAtt_Controller::Att_Controller()[m[Kâ€™:
[01m[K/home/huy/ros2_ws/src/uav_controller/src/smc_controller.cpp:21:1:[m[K [01;31m[Kerror: [m[Kclass â€˜[01m[KAtt_Controller[m[Kâ€™ does not have any field named â€˜[01m[Kp_[m[Kâ€™
   21 | [01;31m[Kp_[m[K(0.0), q_(0.0), r_(0.0),
      | [01;31m[K^~[m[K
[01m[K/home/huy/ros2_ws/src/uav_controller/src/smc_controller.cpp:21:10:[m[K [01;31m[Kerror: [m[Kclass â€˜[01m[KAtt_Controller[m[Kâ€™ does not have any field named â€˜[01m[Kq_[m[Kâ€™
   21 | p_(0.0), [01;31m[Kq_[m[K(0.0), r_(0.0),
      |          [01;31m[K^~[m[K
[01m[K/home/huy/ros2_ws/src/uav_controller/src/smc_controller.cpp:21:19:[m[K [01;31m[Kerror: [m[Kclass â€˜[01m[KAtt_Controller[m[Kâ€™ does not have any field named â€˜[01m[Kr_[m[Kâ€™
   21 | p_(0.0), q_(0.0), [01;31m[Kr_[m[K(0.0),
      |                   [01;31m[K^~[m[K
[01m[K/home/huy/ros2_ws/src/uav_controller/src/smc_controller.cpp:46:28:[m[K [01;31m[Kerror: [m[Kno match for â€˜[01m[Koperator+[m[Kâ€™ (operand type is â€˜[01m[Kstd::string[m[Kâ€™ {aka â€˜[01m[Kstd::__cxx11::basic_string<char>[m[Kâ€™})
   46 |             "/motor_cmd_", [01;31m[K+ std::to_string(i)[m[K, 10
      |                            [01;31m[K^~~~~~~~~~~~~~~~~~~[m[K
In file included from [01m[K/usr/include/c++/11/bits/stl_algobase.h:67[m[K,
                 from [01m[K/usr/include/c++/11/memory:63[m[K,
                 from [01m[K/opt/ros/humble/include/rclcpp/rclcpp/rclcpp.hpp:153[m[K,
                 from [01m[K/home/huy/ros2_ws/src/uav_controller/include/smc_controller.hpp:3[m[K,
                 from [01m[K/home/huy/ros2_ws/src/uav_controller/src/smc_controller.cpp:1[m[K:
[01m[K/usr/include/c++/11/bits/stl_iterator.h:1276:5:[m[K [01;36m[Knote: [m[Kcandidate: â€˜[01m[Ktemplate<class _Iterator, class _Container> __gnu_cxx::__normal_iterator<_Iterator, _Container> __gnu_cxx::operator+(typename __gnu_cxx::__normal_iterator<_Iterator, _Container>::difference_type, const __gnu_cxx::__normal_iterator<_Iterator, _Container>&)[m[Kâ€™
 1276 |     [01;36m[Koperator[m[K+(typename __normal_iterator<_Iterator, _Container>::difference_type
      |     [01;36m[K^~~~~~~~[m[K
[01m[K/usr/include/c++/11/bits/stl_iterator.h:1276:5:[m[K [01;36m[Knote: [m[K  template argument deduction/substitution failed:
[01m[K/home/huy/ros2_ws/src/uav_controller/src/smc_controller.cpp:46:46:[m[K [01;36m[Knote: [m[K  candidate expects 2 arguments, 1 provided
   46 |             "/motor_cmd_", + std::to_string(i[01;36m[K)[m[K, 10
      |                                              [01;36m[K^[m[K
In file included from [01m[K/usr/include/c++/11/bits/stl_algobase.h:67[m[K,
                 from [01m[K/usr/include/c++/11/memory:63[m[K,
                 from [01m[K/opt/ros/humble/include/rclcpp/rclcpp/rclcpp.hpp:153[m[K,
                 from [01m[K/home/huy/ros2_ws/src/uav_controller/include/smc_controller.hpp:3[m[K,
                 from [01m[K/home/huy/ros2_ws/src/uav_controller/src/smc_controller.cpp:1[m[K:
[01m[K/usr/include/c++/11/bits/stl_iterator.h:585:5:[m[K [01;36m[Knote: [m[Kcandidate: â€˜[01m[Ktemplate<class _Iterator> constexpr std::reverse_iterator<_Iterator> std::operator+(typename std::reverse_iterator<_Iterator>::difference_type, const std::reverse_iterator<_Iterator>&)[m[Kâ€™
  585 |     [01;36m[Koperator[m[K+(typename reverse_iterator<_Iterator>::difference_type __n,
      |     [01;36m[K^~~~~~~~[m[K
[01m[K/usr/include/c++/11/bits/stl_iterator.h:585:5:[m[K [01;36m[Knote: [m[K  template argument deduction/substitution failed:
[01m[K/home/huy/ros2_ws/src/uav_controller/src/smc_controller.cpp:46:46:[m[K [01;36m[Knote: [m[K  candidate expects 2 arguments, 1 provided
   46 |             "/motor_cmd_", + std::to_string(i[01;36m[K)[m[K, 10
      |                                              [01;36m[K^[m[K
In file included from [01m[K/usr/include/c++/11/bits/stl_algobase.h:67[m[K,
                 from [01m[K/usr/include/c++/11/memory:63[m[K,
                 from [01m[K/opt/ros/humble/include/rclcpp/rclcpp/rclcpp.hpp:153[m[K,
                 from [01m[K/home/huy/ros2_ws/src/uav_controller/include/smc_controller.hpp:3[m[K,
                 from [01m[K/home/huy/ros2_ws/src/uav_controller/src/smc_controller.cpp:1[m[K:
[01m[K/usr/include/c++/11/bits/stl_iterator.h:1700:5:[m[K [01;36m[Knote: [m[Kcandidate: â€˜[01m[Ktemplate<class _Iterator> constexpr std::move_iterator<_IteratorL> std::operator+(typename std::move_iterator<_IteratorL>::difference_type, const std::move_iterator<_IteratorL>&)[m[Kâ€™
 1700 |     [01;36m[Koperator[m[K+(typename move_iterator<_Iterator>::difference_type __n,
      |     [01;36m[K^~~~~~~~[m[K
[01m[K/usr/include/c++/11/bits/stl_iterator.h:1700:5:[m[K [01;36m[Knote: [m[K  template argument deduction/substitution failed:
[01m[K/home/huy/ros2_ws/src/uav_controller/src/smc_controller.cpp:46:46:[m[K [01;36m[Knote: [m[K  candidate expects 2 arguments, 1 provided
   46 |             "/motor_cmd_", + std::to_string(i[01;36m[K)[m[K, 10
      |                                              [01;36m[K^[m[K
In file included from [01m[K/usr/include/c++/11/string:55[m[K,
                 from [01m[K/usr/include/c++/11/stdexcept:39[m[K,
                 from [01m[K/usr/include/c++/11/system_error:41[m[K,
                 from [01m[K/usr/include/c++/11/mutex:42[m[K,
                 from [01m[K/usr/include/c++/11/future:38[m[K,
                 from [01m[K/opt/ros/humble/include/rclcpp/rclcpp/executors.hpp:18[m[K,
                 from [01m[K/opt/ros/humble/include/rclcpp/rclcpp/rclcpp.hpp:155[m[K,
                 from [01m[K/home/huy/ros2_ws/src/uav_controller/include/smc_controller.hpp:3[m[K,
                 from [01m[K/home/huy/ros2_ws/src/uav_controller/src/smc_controller.cpp:1[m[K:
[01m[K/usr/include/c++/11/bits/basic_string.h:6095:5:[m[K [01;36m[Knote: [m[Kcandidate: â€˜[01m[Ktemplate<class _CharT, class _Traits, class _Alloc> std::__cxx11::basic_string<_CharT, _Traits, _Allocator> std::operator+(const std::__cxx11::basic_string<_CharT, _Traits, _Allocator>&, const std::__cxx11::basic_string<_CharT, _Traits, _Allocator>&)[m[Kâ€™
 6095 |     [01;36m[Koperator[m[K+(const basic_string<_CharT, _Traits, _Alloc>& __lhs,
      |     [01;36m[K^~~~~~~~[m[K
[01m[K/usr/include/c++/11/bits/basic_string.h:6095:5:[m[K [01;36m[Knote: [m[K  template argument deduction/substitution failed:
[01m[K/home/huy/ros2_ws/src/uav_controller/src/smc_controller.cpp:46:46:[m[K [01;36m[Knote: [m[K  candidate expects 2 arguments, 1 provided
   46 |             "/motor_cmd_", + std::to_string(i[01;36m[K)[m[K, 10
      |                                              [01;36m[K^[m[K
In file included from [01m[K/usr/include/c++/11/string:56[m[K,
                 from [01m[K/usr/include/c++/11/stdexcept:39[m[K,
                 from [01m[K/usr/include/c++/11/system_error:41[m[K,
                 from [01m[K/usr/include/c++/11/mutex:42[m[K,
                 from [01m[K/usr/include/c++/11/future:38[m[K,
                 from [01m[K/opt/ros/humble/include/rclcpp/rclcpp/executors.hpp:18[m[K,
                 from [01m[K/opt/ros/humble/include/rclcpp/rclcpp/rclcpp.hpp:155[m[K,
                 from [01m[K/home/huy/ros2_ws/src/uav_controller/include/smc_controller.hpp:3[m[K,
                 from [01m[K/home/huy/ros2_ws/src/uav_controller/src/smc_controller.cpp:1[m[K:
[01m[K/usr/include/c++/11/bits/basic_string.tcc:1169:5:[m[K [01;36m[Knote: [m[Kcandidate: â€˜[01m[Ktemplate<class _CharT, class _Traits, class _Alloc> std::__cxx11::basic_string<_CharT, _Traits, _Allocator> std::operator+(const _CharT*, const std::__cxx11::basic_string<_CharT, _Traits, _Allocator>&)[m[Kâ€™
 1169 |     [01;36m[Koperator[m[K+(const _CharT* __lhs,
      |     [01;36m[K^~~~~~~~[m[K
[01m[K/usr/include/c++/11/bits/basic_string.tcc:1169:5:[m[K [01;36m[Knote: [m[K  template argument deduction/substitution failed:
[01m[K/home/huy/ros2_ws/src/uav_controller/src/smc_controller.cpp:46:46:[m[K [01;36m[Knote: [m[K  mismatched types â€˜[01m[Kconst _CharT*[m[Kâ€™ and â€˜[01m[Kstd::__cxx11::basic_string<char>[m[Kâ€™
   46 |             "/motor_cmd_", + std::to_string(i[01;36m[K)[m[K, 10
      |                                              [01;36m[K^[m[K
In file included from [01m[K/usr/include/c++/11/string:56[m[K,
                 from [01m[K/usr/include/c++/11/stdexcept:39[m[K,
                 from [01m[K/usr/include/c++/11/system_error:41[m[K,
                 from [01m[K/usr/include/c++/11/mutex:42[m[K,
                 from [01m[K/usr/include/c++/11/future:38[m[K,
                 from [01m[K/opt/ros/humble/include/rclcpp/rclcpp/executors.hpp:18[m[K,
                 from [01m[K/opt/ros/humble/include/rclcpp/rclcpp/rclcpp.hpp:155[m[K,
                 from [01m[K/home/huy/ros2_ws/src/uav_controller/include/smc_controller.hpp:3[m[K,
                 from [01m[K/home/huy/ros2_ws/src/uav_controller/src/smc_controller.cpp:1[m[K:
[01m[K/usr/include/c++/11/bits/basic_string.tcc:1189:5:[m[K [01;36m[Knote: [m[Kcandidate: â€˜[01m[Ktemplate<class _CharT, class _Traits, class _Alloc> std::__cxx11::basic_string<_CharT, _Traits, _Allocator> std::operator+(_CharT, const std::__cxx11::basic_string<_CharT, _Traits, _Allocator>&)[m[Kâ€™
 1189 |     [01;36m[Koperator[m[K+(_CharT __lhs, const basic_string<_CharT, _Traits, _Alloc>& __rhs)
      |     [01;36m[K^~~~~~~~[m[K
[01m[K/usr/include/c++/11/bits/basic_string.tcc:1189:5:[m[K [01;36m[Knote: [m[K  template argument deduction/substitution failed:
[01m[K/home/huy/ros2_ws/src/uav_controller/src/smc_controller.cpp:46:46:[m[K [01;36m[Knote: [m[K  candidate expects 2 arguments, 1 provided
   46 |             "/motor_cmd_", + std::to_string(i[01;36m[K)[m[K, 10
      |                                              [01;36m[K^[m[K
In file included from [01m[K/usr/include/c++/11/string:55[m[K,
                 from [01m[K/usr/include/c++/11/stdexcept:39[m[K,
                 from [01m[K/usr/include/c++/11/system_error:41[m[K,
                 from [01m[K/usr/include/c++/11/mutex:42[m[K,
                 from [01m[K/usr/include/c++/11/future:38[m[K,
                 from [01m[K/opt/ros/humble/include/rclcpp/rclcpp/executors.hpp:18[m[K,
                 from [01m[K/opt/ros/humble/include/rclcpp/rclcpp/rclcpp.hpp:155[m[K,
                 from [01m[K/home/huy/ros2_ws/src/uav_controller/include/smc_controller.hpp:3[m[K,
                 from [01m[K/home/huy/ros2_ws/src/uav_controller/src/smc_controller.cpp:1[m[K:
[01m[K/usr/include/c++/11/bits/basic_string.h:6132:5:[m[K [01;36m[Knote: [m[Kcandidate: â€˜[01m[Ktemplate<class _CharT, class _Traits, class _Alloc> std::__cxx11::basic_string<_CharT, _Traits, _Allocator> std::operator+(const std::__cxx11::basic_string<_CharT, _Traits, _Allocator>&, const _CharT*)[m[Kâ€™
 6132 |     [01;36m[Koperator[m[K+(const basic_string<_CharT, _Traits, _Alloc>& __lhs,
      |     [01;36m[K^~~~~~~~[m[K
[01m[K/usr/include/c++/11/bits/basic_string.h:6132:5:[m[K [01;36m[Knote: [m[K  template argument deduction/substitution failed:
[01m[K/home/huy/ros2_ws/src/uav_controller/src/smc_controller.cpp:46:46:[m[K [01;36m[Knote: [m[K  candidate expects 2 arguments, 1 provided
   46 |             "/motor_cmd_", + std::to_string(i[01;36m[K)[m[K, 10
      |                                              [01;36m[K^[m[K
In file included from [01m[K/usr/include/c++/11/string:55[m[K,
                 from [01m[K/usr/include/c++/11/stdexcept:39[m[K,
                 from [01m[K/usr/include/c++/11/system_error:41[m[K,
                 from [01m[K/usr/include/c++/11/mutex:42[m[K,
                 from [01m[K/usr/include/c++/11/future:38[m[K,
                 from [01m[K/opt/ros/humble/include/rclcpp/rclcpp/executors.hpp:18[m[K,
                 from [01m[K/opt/ros/humble/include/rclcpp/rclcpp/rclcpp.hpp:155[m[K,
                 from [01m[K/home/huy/ros2_ws/src/uav_controller/include/smc_controller.hpp:3[m[K,
                 from [01m[K/home/huy/ros2_ws/src/uav_controller/src/smc_controller.cpp:1[m[K:
[01m[K/usr/include/c++/11/bits/basic_string.h:6148:5:[m[K [01;36m[Knote: [m[Kcandidate: â€˜[01m[Ktemplate<class _CharT, class _Traits, class _Alloc> std::__cxx11::basic_string<_CharT, _Traits, _Allocator> std::operator+(const std::__cxx11::basic_string<_CharT, _Traits, _Allocator>&, _CharT)[m[Kâ€™
 6148 |     [01;36m[Koperator[m[K+(const basic_string<_CharT, _Traits, _Alloc>& __lhs, _CharT __rhs)
      |     [01;36m[K^~~~~~~~[m[K
[01m[K/usr/include/c++/11/bits/basic_string.h:6148:5:[m[K [01;36m[Knote: [m[K  template argument deduction/substitution failed:
[01m[K/home/huy/ros2_ws/src/uav_controller/src/smc_controller.cpp:46:46:[m[K [01;36m[Knote: [m[K  candidate expects 2 arguments, 1 provided
   46 |             "/motor_cmd_", + std::to_string(i[01;36m[K)[m[K, 10
      |                                              [01;36m[K^[m[K
In file included from [01m[K/usr/include/c++/11/string:55[m[K,
                 from [01m[K/usr/include/c++/11/stdexcept:39[m[K,
                 from [01m[K/usr/include/c++/11/system_error:41[m[K,
                 from [01m[K/usr/include/c++/11/mutex:42[m[K,
                 from [01m[K/usr/include/c++/11/future:38[m[K,
                 from [01m[K/opt/ros/humble/include/rclcpp/rclcpp/executors.hpp:18[m[K,
                 from [01m[K/opt/ros/humble/include/rclcpp/rclcpp/rclcpp.hpp:155[m[K,
                 from [01m[K/home/huy/ros2_ws/src/uav_controller/include/smc_controller.hpp:3[m[K,
                 from [01m[K/home/huy/ros2_ws/src/uav_controller/src/smc_controller.cpp:1[m[K:
[01m[K/usr/include/c++/11/bits/basic_string.h:6160:5:[m[K [01;36m[Knote: [m[Kcandidate: â€˜[01m[Ktemplate<class _CharT, class _Traits, class _Alloc> std::__cxx11::basic_string<_CharT, _Traits, _Allocator> std::operator+(std::__cxx11::basic_string<_CharT, _Traits, _Allocator>&&, const std::__cxx11::basic_string<_CharT, _Traits, _Allocator>&)[m[Kâ€™
 6160 |     [01;36m[Koperator[m[K+(basic_string<_CharT, _Traits, _Alloc>&& __lhs,
      |     [01;36m[K^~~~~~~~[m[K
[01m[K/usr/include/c++/11/bits/basic_string.h:6160:5:[m[K [01;36m[Knote: [m[K  template argument deduction/substitution failed:
[01m[K/home/huy/ros2_ws/src/uav_controller/src/smc_controller.cpp:46:46:[m[K [01;36m[Knote: [m[K  candidate expects 2 arguments, 1 provided
   46 |             "/motor_cmd_", + std::to_string(i[01;36m[K)[m[K, 10
      |                                              [01;36m[K^[m[K
In file included from [01m[K/usr/include/c++/11/string:55[m[K,
                 from [01m[K/usr/include/c++/11/stdexcept:39[m[K,
                 from [01m[K/usr/include/c++/11/system_error:41[m[K,
                 from [01m[K/usr/include/c++/11/mutex:42[m[K,
                 from [01m[K/usr/include/c++/11/future:38[m[K,
                 from [01m[K/opt/ros/humble/include/rclcpp/rclcpp/executors.hpp:18[m[K,
                 from [01m[K/opt/ros/humble/include/rclcpp/rclcpp/rclcpp.hpp:155[m[K,
                 from [01m[K/home/huy/ros2_ws/src/uav_controller/include/smc_controller.hpp:3[m[K,
                 from [01m[K/home/huy/ros2_ws/src/uav_controller/src/smc_controller.cpp:1[m[K:
[01m[K/usr/include/c++/11/bits/basic_string.h:6166:5:[m[K [01;36m[Knote: [m[Kcandidate: â€˜[01m[Ktemplate<class _CharT, class _Traits, class _Alloc> std::__cxx11::basic_string<_CharT, _Traits, _Allocator> std::operator+(const std::__cxx11::basic_string<_CharT, _Traits, _Allocator>&, std::__cxx11::basic_string<_CharT, _Traits, _Allocator>&&)[m[Kâ€™
 6166 |     [01;36m[Koperator[m[K+(const basic_string<_CharT, _Traits, _Alloc>& __lhs,
      |     [01;36m[K^~~~~~~~[m[K
[01m[K/usr/include/c++/11/bits/basic_string.h:6166:5:[m[K [01;36m[Knote: [m[K  template argument deduction/substitution failed:
[01m[K/home/huy/ros2_ws/src/uav_controller/src/smc_controller.cpp:46:46:[m[K [01;36m[Knote: [m[K  candidate expects 2 arguments, 1 provided
   46 |             "/motor_cmd_", + std::to_string(i[01;36m[K)[m[K, 10
      |                                              [01;36m[K^[m[K
In file included from [01m[K/usr/include/c++/11/string:55[m[K,
                 from [01m[K/usr/include/c++/11/stdexcept:39[m[K,
                 from [01m[K/usr/include/c++/11/system_error:41[m[K,
                 from [01m[K/usr/include/c++/11/mutex:42[m[K,
                 from [01m[K/usr/include/c++/11/future:38[m[K,
                 from [01m[K/opt/ros/humble/include/rclcpp/rclcpp/executors.hpp:18[m[K,
                 from [01m[K/opt/ros/humble/include/rclcpp/rclcpp/rclcpp.hpp:155[m[K,
                 from [01m[K/home/huy/ros2_ws/src/uav_controller/include/smc_controller.hpp:3[m[K,
                 from [01m[K/home/huy/ros2_ws/src/uav_controller/src/smc_controller.cpp:1[m[K:
[01m[K/usr/include/c++/11/bits/basic_string.h:6172:5:[m[K [01;36m[Knote: [m[Kcandidate: â€˜[01m[Ktemplate<class _CharT, class _Traits, class _Alloc> std::__cxx11::basic_string<_CharT, _Traits, _Allocator> std::operator+(std::__cxx11::basic_string<_CharT, _Traits, _Allocator>&&, std::__cxx11::basic_string<_CharT, _Traits, _Allocator>&&)[m[Kâ€™
 6172 |     [01;36m[Koperator[m[K+(basic_string<_CharT, _Traits, _Alloc>&& __lhs,
      |     [01;36m[K^~~~~~~~[m[K
[01m[K/usr/include/c++/11/bits/basic_string.h:6172:5:[m[K [01;36m[Knote: [m[K  template argument deduction/substitution failed:
[01m[K/home/huy/ros2_ws/src/uav_controller/src/smc_controller.cpp:46:46:[m[K [01;36m[Knote: [m[K  candidate expects 2 arguments, 1 provided
   46 |             "/motor_cmd_", + std::to_string(i[01;36m[K)[m[K, 10
      |                                              [01;36m[K^[m[K
In file included from [01m[K/usr/include/c++/11/string:55[m[K,
                 from [01m[K/usr/include/c++/11/stdexcept:39[m[K,
                 from [01m[K/usr/include/c++/11/system_error:41[m[K,
                 from [01m[K/usr/include/c++/11/mutex:42[m[K,
                 from [01m[K/usr/include/c++/11/future:38[m[K,
                 from [01m[K/opt/ros/humble/include/rclcpp/rclcpp/executors.hpp:18[m[K,
                 from [01m[K/opt/ros/humble/include/rclcpp/rclcpp/rclcpp.hpp:155[m[K,
                 from [01m[K/home/huy/ros2_ws/src/uav_controller/include/smc_controller.hpp:3[m[K,
                 from [01m[K/home/huy/ros2_ws/src/uav_controller/src/smc_controller.cpp:1[m[K:
[01m[K/usr/include/c++/11/bits/basic_string.h:6194:5:[m[K [01;36m[Knote: [m[Kcandidate: â€˜[01m[Ktemplate<class _CharT, class _Traits, class _Alloc> std::__cxx11::basic_string<_CharT, _Traits, _Allocator> std::operator+(const _CharT*, std::__cxx11::basic_string<_CharT, _Traits, _Allocator>&&)[m[Kâ€™
 6194 |     [01;36m[Koperator[m[K+(const _CharT* __lhs,
      |     [01;36m[K^~~~~~~~[m[K
[01m[K/usr/include/c++/11/bits/basic_string.h:6194:5:[m[K [01;36m[Knote: [m[K  template argument deduction/substitution failed:
[01m[K/home/huy/ros2_ws/src/uav_controller/src/smc_controller.cpp:46:46:[m[K [01;36m[Knote: [m[K  mismatched types â€˜[01m[Kconst _CharT*[m[Kâ€™ and â€˜[01m[Kstd::__cxx11::basic_string<char>[m[Kâ€™
   46 |             "/motor_cmd_", + std::to_string(i[01;36m[K)[m[K, 10
      |                                              [01;36m[K^[m[K
In file included from [01m[K/usr/include/c++/11/string:55[m[K,
                 from [01m[K/usr/include/c++/11/stdexcept:39[m[K,
                 from [01m[K/usr/include/c++/11/system_error:41[m[K,
                 from [01m[K/usr/include/c++/11/mutex:42[m[K,
                 from [01m[K/usr/include/c++/11/future:38[m[K,
                 from [01m[K/opt/ros/humble/include/rclcpp/rclcpp/executors.hpp:18[m[K,
                 from [01m[K/opt/ros/humble/include/rclcpp/rclcpp/rclcpp.hpp:155[m[K,
                 from [01m[K/home/huy/ros2_ws/src/uav_controller/include/smc_controller.hpp:3[m[K,
                 from [01m[K/home/huy/ros2_ws/src/uav_controller/src/smc_controller.cpp:1[m[K:
[01m[K/usr/include/c++/11/bits/basic_string.h:6200:5:[m[K [01;36m[Knote: [m[Kcandidate: â€˜[01m[Ktemplate<class _CharT, class _Traits, class _Alloc> std::__cxx11::basic_string<_CharT, _Traits, _Allocator> std::operator+(_CharT, std::__cxx11::basic_string<_CharT, _Traits, _Allocator>&&)[m[Kâ€™
 6200 |     [01;36m[Koperator[m[K+(_CharT __lhs,
      |     [01;36m[K^~~~~~~~[m[K
[01m[K/usr/include/c++/11/bits/basic_string.h:6200:5:[m[K [01;36m[Knote: [m[K  template argument deduction/substitution failed:
[01m[K/home/huy/ros2_ws/src/uav_controller/src/smc_controller.cpp:46:46:[m[K [01;36m[Knote: [m[K  candidate expects 2 arguments, 1 provided
   46 |             "/motor_cmd_", + std::to_string(i[01;36m[K)[m[K, 10
      |                                              [01;36m[K^[m[K
In file included from [01m[K/usr/include/c++/11/string:55[m[K,
                 from [01m[K/usr/include/c++/11/stdexcept:39[m[K,
                 from [01m[K/usr/include/c++/11/system_error:41[m[K,
                 from [01m[K/usr/include/c++/11/mutex:42[m[K,
                 from [01m[K/usr/include/c++/11/future:38[m[K,
                 from [01m[K/opt/ros/humble/include/rclcpp/rclcpp/executors.hpp:18[m[K,
                 from [01m[K/opt/ros/humble/include/rclcpp/rclcpp/rclcpp.hpp:155[m[K,
                 from [01m[K/home/huy/ros2_ws/src/uav_controller/include/smc_controller.hpp:3[m[K,
                 from [01m[K/home/huy/ros2_ws/src/uav_controller/src/smc_controller.cpp:1[m[K:
[01m[K/usr/include/c++/11/bits/basic_string.h:6206:5:[m[K [01;36m[Knote: [m[Kcandidate: â€˜[01m[Ktemplate<class _CharT, class _Traits, class _Alloc> std::__cxx11::basic_string<_CharT, _Traits, _Allocator> std::operator+(std::__cxx11::basic_string<_CharT, _Traits, _Allocator>&&, const _CharT*)[m[Kâ€™
 6206 |     [01;36m[Koperator[m[K+(basic_string<_CharT, _Traits, _Alloc>&& __lhs,
      |     [01;36m[K^~~~~~~~[m[K
[01m[K/usr/include/c++/11/bits/basic_string.h:6206:5:[m[K [01;36m[Knote: [m[K  template argument deduction/substitution failed:
[01m[K/home/huy/ros2_ws/src/uav_controller/src/smc_controller.cpp:46:46:[m[K [01;36m[Knote: [m[K  candidate expects 2 arguments, 1 provided
   46 |             "/motor_cmd_", + std::to_string(i[01;36m[K)[m[K, 10
      |                                              [01;36m[K^[m[K
In file included from [01m[K/usr/include/c++/11/string:55[m[K,
                 from [01m[K/usr/include/c++/11/stdexcept:39[m[K,
                 from [01m[K/usr/include/c++/11/system_error:41[m[K,
                 from [01m[K/usr/include/c++/11/mutex:42[m[K,
                 from [01m[K/usr/include/c++/11/future:38[m[K,
                 from [01m[K/opt/ros/humble/include/rclcpp/rclcpp/executors.hpp:18[m[K,
                 from [01m[K/opt/ros/humble/include/rclcpp/rclcpp/rclcpp.hpp:155[m[K,
                 from [01m[K/home/huy/ros2_ws/src/uav_controller/include/smc_controller.hpp:3[m[K,
                 from [01m[K/home/huy/ros2_ws/src/uav_controller/src/smc_controller.cpp:1[m[K:
[01m[K/usr/include/c++/11/bits/basic_string.h:6212:5:[m[K [01;36m[Knote: [m[Kcandidate: â€˜[01m[Ktemplate<class _CharT, class _Traits, class _Alloc> std::__cxx11::basic_string<_CharT, _Traits, _Allocator> std::operator+(std::__cxx11::basic_string<_CharT, _Traits, _Allocator>&&, _CharT)[m[Kâ€™
 6212 |     [01;36m[Koperator[m[K+(basic_string<_CharT, _Traits, _Alloc>&& __lhs,
      |     [01;36m[K^~~~~~~~[m[K
[01m[K/usr/include/c++/11/bits/basic_string.h:6212:5:[m[K [01;36m[Knote: [m[K  template argument deduction/substitution failed:
[01m[K/home/huy/ros2_ws/src/uav_controller/src/smc_controller.cpp:46:46:[m[K [01;36m[Knote: [m[K  candidate expects 2 arguments, 1 provided
   46 |             "/motor_cmd_", + std::to_string(i[01;36m[K)[m[K, 10
      |                                              [01;36m[K^[m[K
[01m[K/home/huy/ros2_ws/src/uav_controller/src/smc_controller.cpp:[m[K In member function â€˜[01m[Kvoid Att_Controller::attRefCallback(geometry_msgs::msg::Vector3_<std::allocator<void> >::SharedPtr)[m[Kâ€™:
[01m[K/home/huy/ros2_ws/src/uav_controller/src/smc_controller.cpp:64:22:[m[K [01;31m[Kerror: [m[Kexpected â€˜[01m[K;[m[Kâ€™ before â€˜[01m[K}[m[Kâ€™ token
   64 |     psi_ref_ = msg->z
      |                      [01;31m[K^[m[K
      |                      [32m[K;[m[K
   65 | [32m[K}[m[K
      | [32m[K~[m[K                     
[01m[K/home/huy/ros2_ws/src/uav_controller/src/smc_controller.cpp:[m[K In member function â€˜[01m[Kvoid Att_Controller::controlLoop()[m[Kâ€™:
[01m[K/home/huy/ros2_ws/src/uav_controller/src/smc_controller.cpp:150:11:[m[K [01;31m[Kerror: [m[Kexpected primary-expression before â€˜[01m[K;[m[Kâ€™ token
  150 |     w[0] =[01;31m[K;[m[K
      |           [01;31m[K^[m[K
[01m[K/home/huy/ros2_ws/src/uav_controller/src/smc_controller.cpp:151:11:[m[K [01;31m[Kerror: [m[Kexpected primary-expression before â€˜[01m[K;[m[Kâ€™ token
  151 |     w[1] =[01;31m[K;[m[K
      |           [01;31m[K^[m[K
[01m[K/home/huy/ros2_ws/src/uav_controller/src/smc_controller.cpp:152:11:[m[K [01;31m[Kerror: [m[Kexpected primary-expression before â€˜[01m[K;[m[Kâ€™ token
  152 |     w[2] =[01;31m[K;[m[K
      |           [01;31m[K^[m[K
[01m[K/home/huy/ros2_ws/src/uav_controller/src/smc_controller.cpp:153:11:[m[K [01;31m[Kerror: [m[Kexpected primary-expression before â€˜[01m[K;[m[Kâ€™ token
  153 |     w[3] =[01;31m[K;[m[K
      |           [01;31m[K^[m[K
[01m[K/home/huy/ros2_ws/src/uav_controller/src/smc_controller.cpp:160:20:[m[K [01;31m[Kerror: [m[Kâ€˜[01m[Km[m[Kâ€™ was not declared in this scope; did you mean â€˜[01m[Ktm[m[Kâ€™?
  160 |         cmd.data = [01;31m[Km[m[K[i];
      |                    [01;31m[K^[m[K
      |                    [32m[Ktm[m[K
gmake[2]: *** [CMakeFiles/smc_controller_node.dir/build.make:76: CMakeFiles/smc_controller_node.dir/src/smc_controller.cpp.o] Error 1
gmake[1]: *** [CMakeFiles/Makefile2:193: CMakeFiles/smc_controller_node.dir/all] Error 2
gmake: *** [Makefile:146: all] Error 2
