[01m[K/home/huy/ros2_ws/src/uav_sim/src/show_data.cpp:[m[K In function â€˜[01m[Kint main(int, char**)[m[Kâ€™:
[01m[K/home/huy/ros2_ws/src/uav_sim/src/show_data.cpp:81:35:[m[K [01;31m[Kerror: [m[Kâ€˜[01m[KAtt_Controller[m[Kâ€™ was not declared in this scope
   81 |     rclcpp::spin(std::make_shared<[01;31m[KAtt_Controller[m[K>());
      |                                   [01;31m[K^~~~~~~~~~~~~~[m[K
[01m[K/home/huy/ros2_ws/src/uav_sim/src/show_data.cpp:81:50:[m[K [01;31m[Kerror: [m[Kno matching function for call to â€˜[01m[Kmake_shared<<expression error> >()[m[Kâ€™
   81 |     rclcpp::spin([01;31m[Kstd::make_shared<Att_Controller>()[m[K);
      |                  [01;31m[K~~~~~~~~~~~~~~~~~~~~~~~~~~~~~~~~^~[m[K
In file included from [01m[K/usr/include/c++/11/memory:77[m[K,
                 from [01m[K/opt/ros/humble/include/rclcpp/rclcpp/rclcpp.hpp:153[m[K,
                 from [01m[K/home/huy/ros2_ws/src/uav_sim/include/show_data.hpp:3[m[K,
                 from [01m[K/home/huy/ros2_ws/src/uav_sim/src/show_data.cpp:1[m[K:
[01m[K/usr/include/c++/11/bits/shared_ptr.h:875:5:[m[K [01;36m[Knote: [m[Kcandidate: â€˜[01m[Ktemplate<class _Tp, class ... _Args> std::shared_ptr<_Tp> std::make_shared(_Args&& ...)[m[Kâ€™
  875 |     [01;36m[Kmake_shared[m[K(_Args&&... __args)
      |     [01;36m[K^~~~~~~~~~~[m[K
[01m[K/usr/include/c++/11/bits/shared_ptr.h:875:5:[m[K [01;36m[Knote: [m[K  template argument deduction/substitution failed:
[01m[K/home/huy/ros2_ws/src/uav_sim/src/show_data.cpp:81:50:[m[K [01;31m[Kerror: [m[Ktemplate argument 1 is invalid
   81 |     rclcpp::spin([01;31m[Kstd::make_shared<Att_Controller>()[m[K);
      |                  [01;31m[K~~~~~~~~~~~~~~~~~~~~~~~~~~~~~~~~^~[m[K
gmake[2]: *** [CMakeFiles/data_node.dir/build.make:76: CMakeFiles/data_node.dir/src/show_data.cpp.o] Error 1
gmake[1]: *** [CMakeFiles/Makefile2:137: CMakeFiles/data_node.dir/all] Error 2
gmake: *** [Makefile:146: all] Error 2
