[0.010s] Invoking command in '/home/huy/ros2_ws/build/uav_sim': CMAKE_PREFIX_PATH=/home/huy/ros2_ws/install/uav_motor_plugin:/home/huy/ros2_ws/install/uav_dynamics:/home/huy/ros2_ws/install/uav_controller:/opt/ros/humble:/home/huy/ros2_ws/install/uav_msgs:/home/huy/ros2_ws/install/uav_sim LD_LIBRARY_PATH=/home/huy/ros2_ws/install/uav_motor_plugin/lib:/home/huy/ros2_ws/install/uav_msgs/lib:/usr/lib/x86_64-linux-gnu/gazebo-11/plugins:/opt/ros/humble/opt/rviz_ogre_vendor/lib:/opt/ros/humble/lib/x86_64-linux-gnu:/opt/ros/humble/lib:/usr/lib/x86_64-linux-gnu/gazebo-11/plugins /usr/bin/cmake --build /home/huy/ros2_ws/build/uav_sim -- -j16 -l16
[0.052s] [35m[1mConsolidate compiler generated dependencies of target data_node[0m
[0.073s] [ 50%] [32mBuilding CXX object CMakeFiles/data_node.dir/src/show_data.cpp.o[0m
[2.117s] [01m[K/home/huy/ros2_ws/src/uav_sim/src/show_data.cpp:[m[K In function â€˜[01m[Kint main(int, char**)[m[Kâ€™:
[2.117s] [01m[K/home/huy/ros2_ws/src/uav_sim/src/show_data.cpp:81:35:[m[K [01;31m[Kerror: [m[Kâ€˜[01m[KAtt_Controller[m[Kâ€™ was not declared in this scope
[2.117s]    81 |     rclcpp::spin(std::make_shared<[01;31m[KAtt_Controller[m[K>());
[2.117s]       |                                   [01;31m[K^~~~~~~~~~~~~~[m[K
[2.117s] [01m[K/home/huy/ros2_ws/src/uav_sim/src/show_data.cpp:81:50:[m[K [01;31m[Kerror: [m[Kno matching function for call to â€˜[01m[Kmake_shared<<expression error> >()[m[Kâ€™
[2.117s]    81 |     rclcpp::spin([01;31m[Kstd::make_shared<Att_Controller>()[m[K);
[2.117s]       |                  [01;31m[K~~~~~~~~~~~~~~~~~~~~~~~~~~~~~~~~^~[m[K
[2.117s] In file included from [01m[K/usr/include/c++/11/memory:77[m[K,
[2.117s]                  from [01m[K/opt/ros/humble/include/rclcpp/rclcpp/rclcpp.hpp:153[m[K,
[2.118s]                  from [01m[K/home/huy/ros2_ws/src/uav_sim/include/show_data.hpp:3[m[K,
[2.118s]                  from [01m[K/home/huy/ros2_ws/src/uav_sim/src/show_data.cpp:1[m[K:
[2.118s] [01m[K/usr/include/c++/11/bits/shared_ptr.h:875:5:[m[K [01;36m[Knote: [m[Kcandidate: â€˜[01m[Ktemplate<class _Tp, class ... _Args> std::shared_ptr<_Tp> std::make_shared(_Args&& ...)[m[Kâ€™
[2.118s]   875 |     [01;36m[Kmake_shared[m[K(_Args&&... __args)
[2.118s]       |     [01;36m[K^~~~~~~~~~~[m[K
[2.118s] [01m[K/usr/include/c++/11/bits/shared_ptr.h:875:5:[m[K [01;36m[Knote: [m[K  template argument deduction/substitution failed:
[2.118s] [01m[K/home/huy/ros2_ws/src/uav_sim/src/show_data.cpp:81:50:[m[K [01;31m[Kerror: [m[Ktemplate argument 1 is invalid
[2.118s]    81 |     rclcpp::spin([01;31m[Kstd::make_shared<Att_Controller>()[m[K);
[2.118s]       |                  [01;31m[K~~~~~~~~~~~~~~~~~~~~~~~~~~~~~~~~^~[m[K
[5.119s] gmake[2]: *** [CMakeFiles/data_node.dir/build.make:76: CMakeFiles/data_node.dir/src/show_data.cpp.o] Error 1
[5.119s] gmake[1]: *** [CMakeFiles/Makefile2:137: CMakeFiles/data_node.dir/all] Error 2
[5.119s] gmake: *** [Makefile:146: all] Error 2
[5.121s] Invoked command in '/home/huy/ros2_ws/build/uav_sim' returned '2': CMAKE_PREFIX_PATH=/home/huy/ros2_ws/install/uav_motor_plugin:/home/huy/ros2_ws/install/uav_dynamics:/home/huy/ros2_ws/install/uav_controller:/opt/ros/humble:/home/huy/ros2_ws/install/uav_msgs:/home/huy/ros2_ws/install/uav_sim LD_LIBRARY_PATH=/home/huy/ros2_ws/install/uav_motor_plugin/lib:/home/huy/ros2_ws/install/uav_msgs/lib:/usr/lib/x86_64-linux-gnu/gazebo-11/plugins:/opt/ros/humble/opt/rviz_ogre_vendor/lib:/opt/ros/humble/lib/x86_64-linux-gnu:/opt/ros/humble/lib:/usr/lib/x86_64-linux-gnu/gazebo-11/plugins /usr/bin/cmake --build /home/huy/ros2_ws/build/uav_sim -- -j16 -l16
