[0.012s] Invoking command in '/home/huy/ros2_ws/build/uav_controller': CMAKE_PREFIX_PATH=/home/huy/ros2_ws/install/uav_dynamics:/opt/ros/humble:/home/huy/ros2_ws/install/uav_msgs:/home/huy/ros2_ws/install/uav_motor_plugin:/home/huy/ros2_ws/install/uav_controller /usr/bin/cmake --build /home/huy/ros2_ws/build/uav_controller -- -j16 -l16
[0.052s] [35m[1mConsolidate compiler generated dependencies of target pos_controller_node[0m
[0.066s] [ 50%] Built target imu_node
[0.074s] [ 75%] [32mBuilding CXX object CMakeFiles/pos_controller_node.dir/src/pid_controller.cpp.o[0m
[2.210s] [01m[K/home/huy/ros2_ws/src/uav_controller/src/pid_controller.cpp:[m[K In constructor â€˜[01m[KPos_Controller::Pos_Controller()[m[Kâ€™:
[2.210s] [01m[K/home/huy/ros2_ws/src/uav_controller/src/pid_controller.cpp:18:116:[m[K [01;31m[Kerror: [m[Kclass â€˜[01m[KPos_Controller[m[Kâ€™ does not have any field named â€˜[01m[Kyaw_ref_[m[Kâ€™
[2.210s]    18 | Pos_Controller::Pos_Controller() : rclcpp::Node("pos_controller"), x_(0.0), y_(0.0), vx_(0.0), vy_(0.0), vz_(0.0), [01;31m[Kyaw_ref_[m[K(0.0)
[2.210s]       |                                                                                                                    [01;31m[K^~~~~~~~[m[K
[2.210s] [01m[K/home/huy/ros2_ws/src/uav_controller/src/pid_controller.cpp:18:1:[m[K [01;31m[Kerror: [m[Kuninitialized const member in â€˜[01m[Kconst double[m[Kâ€™ [[01;31m[K]8;;https://gcc.gnu.org/onlinedocs/gcc/Warning-Options.html#index-fpermissive-fpermissive]8;;[m[K]
[2.210s]    18 | [01;31m[KPos_Controller[m[K::Pos_Controller() : rclcpp::Node("pos_controller"), x_(0.0), y_(0.0), vx_(0.0), vy_(0.0), vz_(0.0), yaw_ref_(0.0)
[2.210s]       | [01;31m[K^~~~~~~~~~~~~~[m[K
[2.211s] In file included from [01m[K/home/huy/ros2_ws/src/uav_controller/src/pid_controller.cpp:1[m[K:
[2.211s] [01m[K/home/huy/ros2_ws/src/uav_controller/include/pid_controller.hpp:50:18:[m[K [01;36m[Knote: [m[Kâ€˜[01m[Kconst double Pos_Controller::g_[m[Kâ€™ should be initialized
[2.211s]    50 |     const double [01;36m[Kg_[m[K;
[2.211s]       |                  [01;36m[K^~[m[K
[2.215s] [01m[K/home/huy/ros2_ws/src/uav_controller/src/pid_controller.cpp:30:6:[m[K [01;31m[Kerror: [m[Kexpected â€˜[01m[K)[m[Kâ€™ before â€˜[01m[K;[m[Kâ€™ token
[2.215s]    30 |     )[01;31m[K;[m[K
[2.215s]       |      [01;31m[K^[m[K
[2.215s]       |      [32m[K)[m[K
[2.215s] [01m[K/home/huy/ros2_ws/src/uav_controller/src/pid_controller.cpp:27:67:[m[K [01;36m[Knote: [m[Kto match this â€˜[01m[K([m[Kâ€™
[2.215s]    27 |     odom_sub_ = this->create_subscription<nav_msgs::msg::Odometry>[01;36m[K([m[K
[2.215s]       |                                                                   [01;36m[K^[m[K
[2.231s] [01m[K/home/huy/ros2_ws/src/uav_controller/src/pid_controller.cpp:[m[K In member function â€˜[01m[Kvoid Pos_Controller::controlLoop()[m[Kâ€™:
[2.231s] [01m[K/home/huy/ros2_ws/src/uav_controller/src/pid_controller.cpp:70:5:[m[K [01;31m[Kerror: [m[Kâ€˜[01m[Kz_ref_[m[Kâ€™ was not declared in this scope; did you mean â€˜[01m[Kx_ref_[m[Kâ€™?
[2.232s]    70 |     [01;31m[Kz_ref_[m[K = z_rate * t;
[2.232s]       |     [01;31m[K^~~~~~[m[K
[2.232s]       |     [32m[Kx_ref_[m[K
[2.235s] [01m[K/home/huy/ros2_ws/src/uav_controller/src/pid_controller.cpp:90:17:[m[K [01;31m[Kerror: [m[Kâ€˜[01m[Kyaw_ref_[m[Kâ€™ was not declared in this scope; did you mean â€˜[01m[Kyaw_ref[m[Kâ€™?
[2.235s]    90 |     att_ref.z = [01;31m[Kyaw_ref_[m[K;
[2.235s]       |                 [01;31m[K^~~~~~~~[m[K
[2.235s]       |                 [32m[Kyaw_ref[m[K
[2.236s] [01m[K/home/huy/ros2_ws/src/uav_controller/src/pid_controller.cpp:[m[K At global scope:
[2.236s] [01m[K/home/huy/ros2_ws/src/uav_controller/src/pid_controller.cpp:101:5:[m[K [01;35m[Kwarning: [m[Ksecond argument of â€˜[01m[Kint main(int, char***)[m[Kâ€™ should be â€˜[01m[Kchar **[m[Kâ€™ [[01;35m[K]8;;https://gcc.gnu.org/onlinedocs/gcc/Warning-Options.html#index-Wmain-Wmain]8;;[m[K]
[2.236s]   101 | int [01;35m[Kmain[m[K(int argc, char **argv[])
[2.236s]       |     [01;35m[K^~~~[m[K
[2.236s] [01m[K/home/huy/ros2_ws/src/uav_controller/src/pid_controller.cpp:[m[K In function â€˜[01m[Kint main(int, char***)[m[Kâ€™:
[2.236s] [01m[K/home/huy/ros2_ws/src/uav_controller/src/pid_controller.cpp:103:24:[m[K [01;31m[Kerror: [m[Kcannot convert â€˜[01m[Kchar***[m[Kâ€™ to â€˜[01m[Kconst char* const*[m[Kâ€™
[2.237s]   103 |     rclcpp::init(argc, [01;31m[Kargv[m[K);
[2.237s]       |                        [01;31m[K^~~~[m[K
[2.237s]       |                        [01;31m[K|[m[K
[2.237s]       |                        [01;31m[Kchar***[m[K
[2.237s] In file included from [01m[K/opt/ros/humble/include/rclcpp/rclcpp/logging.hpp:25[m[K,
[2.237s]                  from [01m[K/opt/ros/humble/include/rclcpp/rclcpp/client.hpp:40[m[K,
[2.237s]                  from [01m[K/opt/ros/humble/include/rclcpp/rclcpp/callback_group.hpp:24[m[K,
[2.237s]                  from [01m[K/opt/ros/humble/include/rclcpp/rclcpp/any_executable.hpp:20[m[K,
[2.237s]                  from [01m[K/opt/ros/humble/include/rclcpp/rclcpp/memory_strategy.hpp:25[m[K,
[2.237s]                  from [01m[K/opt/ros/humble/include/rclcpp/rclcpp/memory_strategies.hpp:18[m[K,
[2.237s]                  from [01m[K/opt/ros/humble/include/rclcpp/rclcpp/executor_options.hpp:20[m[K,
[2.237s]                  from [01m[K/opt/ros/humble/include/rclcpp/rclcpp/executor.hpp:37[m[K,
[2.237s]                  from [01m[K/opt/ros/humble/include/rclcpp/rclcpp/executors/multi_threaded_executor.hpp:25[m[K,
[2.237s]                  from [01m[K/opt/ros/humble/include/rclcpp/rclcpp/executors.hpp:21[m[K,
[2.237s]                  from [01m[K/opt/ros/humble/include/rclcpp/rclcpp/rclcpp.hpp:155[m[K,
[2.238s]                  from [01m[K/home/huy/ros2_ws/src/uav_controller/include/pid_controller.hpp:3[m[K,
[2.238s]                  from [01m[K/home/huy/ros2_ws/src/uav_controller/src/pid_controller.cpp:1[m[K:
[2.238s] [01m[K/opt/ros/humble/include/rclcpp/rclcpp/utilities.hpp:77:24:[m[K [01;36m[Knote: [m[K  initializing argument 2 of â€˜[01m[Kvoid rclcpp::init(int, const char* const*, const rclcpp::InitOptions&, rclcpp::SignalHandlerOptions)[m[Kâ€™
[2.238s]    77 |   [01;36m[Kchar const * const * argv[m[K,
[2.238s]       |   [01;36m[K~~~~~~~~~~~~~~~~~~~~~^~~~[m[K
[3.041s] gmake[2]: *** [CMakeFiles/pos_controller_node.dir/build.make:76: CMakeFiles/pos_controller_node.dir/src/pid_controller.cpp.o] Error 1
[3.041s] gmake[1]: *** [CMakeFiles/Makefile2:165: CMakeFiles/pos_controller_node.dir/all] Error 2
[3.041s] gmake: *** [Makefile:146: all] Error 2
[3.044s] Invoked command in '/home/huy/ros2_ws/build/uav_controller' returned '2': CMAKE_PREFIX_PATH=/home/huy/ros2_ws/install/uav_dynamics:/opt/ros/humble:/home/huy/ros2_ws/install/uav_msgs:/home/huy/ros2_ws/install/uav_motor_plugin:/home/huy/ros2_ws/install/uav_controller /usr/bin/cmake --build /home/huy/ros2_ws/build/uav_controller -- -j16 -l16
