[01m[K/home/huy/ros2_ws/src/uav_controller/src/controller.cpp:[m[K In member function â€˜[01m[Kvoid Controller::controlLoop()[m[Kâ€™:
[01m[K/home/huy/ros2_ws/src/uav_controller/src/controller.cpp:147:5:[m[K [01;31m[Kerror: [m[Kâ€˜[01m[Kx_ref[m[Kâ€™ was not declared in this scope; did you mean â€˜[01m[Kx_ref_[m[Kâ€™?
  147 |     [01;31m[Kx_ref[m[K = 0.0;
      |     [01;31m[K^~~~~[m[K
      |     [32m[Kx_ref_[m[K
[01m[K/home/huy/ros2_ws/src/uav_controller/src/controller.cpp:148:5:[m[K [01;31m[Kerror: [m[Kâ€˜[01m[Ky_ref[m[Kâ€™ was not declared in this scope; did you mean â€˜[01m[Ky_ref_[m[Kâ€™?
  148 |     [01;31m[Ky_ref[m[K = 0.0;
      |     [01;31m[K^~~~~[m[K
      |     [32m[Ky_ref_[m[K
gmake[2]: *** [CMakeFiles/controller_node.dir/build.make:76: CMakeFiles/controller_node.dir/src/controller.cpp.o] Error 1
gmake[1]: *** [CMakeFiles/Makefile2:143: CMakeFiles/controller_node.dir/all] Error 2
gmake: *** [Makefile:146: all] Error 2
