In file included from [01m[K/home/huy/ros2_ws/src/uav_sim/src/show_data.cpp:1[m[K:
[01m[K/home/huy/ros2_ws/src/uav_sim/include/show_data.hpp:7:10:[m[K [01;31m[Kfatal error: [m[Kuav_msgs/msg/uav_cmd.hpp: No such file or directory
    7 | #include [01;31m[K"uav_msgs/msg/uav_cmd.hpp"[m[K
      |          [01;31m[K^~~~~~~~~~~~~~~~~~~~~~~~~~[m[K
compilation terminated.
gmake[2]: *** [CMakeFiles/data_node.dir/build.make:76: CMakeFiles/data_node.dir/src/show_data.cpp.o] Error 1
gmake[1]: *** [CMakeFiles/Makefile2:137: CMakeFiles/data_node.dir/all] Error 2
gmake: *** [Makefile:146: all] Error 2
