[0.013s] Invoking command in '/home/huy/ros2_ws/build/uav_controller': CMAKE_PREFIX_PATH=/opt/ros/humble:${CMAKE_PREFIX_PATH} /usr/bin/cmake --build /home/huy/ros2_ws/build/uav_controller -- -j16 -l16
[0.052s] [35m[1mConsolidate compiler generated dependencies of target pos_controller_node[0m
[0.067s] [ 33%] Built target imu_node
[0.067s] [ 66%] Built target smc_controller_node
[0.075s] [ 83%] [32mBuilding CXX object CMakeFiles/pos_controller_node.dir/src/pid_controller.cpp.o[0m
[2.246s] [01m[K/home/huy/ros2_ws/src/uav_controller/src/pid_controller.cpp:[m[K In constructor â€˜[01m[KPos_Controller::Pos_Controller()[m[Kâ€™:
[2.247s] [01m[K/home/huy/ros2_ws/src/uav_controller/src/pid_controller.cpp:24:86:[m[K [01;31m[Kerror: [m[Kclass â€˜[01m[KPos_Controller[m[Kâ€™ does not have any field named â€˜[01m[Kvx_[m[Kâ€™
[2.247s]    24 | Pos_Controller::Pos_Controller() : rclcpp::Node("pos_controller"), x_(0.0), y_(0.0), [01;31m[Kvx_[m[K(0.0), vy_(0.0), vz_(0.0), yaw_ref_(0.0), g_(9.81)
[2.247s]       |                                                                                      [01;31m[K^~~[m[K
[2.247s] [01m[K/home/huy/ros2_ws/src/uav_controller/src/pid_controller.cpp:24:96:[m[K [01;31m[Kerror: [m[Kclass â€˜[01m[KPos_Controller[m[Kâ€™ does not have any field named â€˜[01m[Kvy_[m[Kâ€™
[2.247s]    24 | Pos_Controller::Pos_Controller() : rclcpp::Node("pos_controller"), x_(0.0), y_(0.0), vx_(0.0), [01;31m[Kvy_[m[K(0.0), vz_(0.0), yaw_ref_(0.0), g_(9.81)
[2.247s]       |                                                                                                [01;31m[K^~~[m[K
[2.247s] [01m[K/home/huy/ros2_ws/src/uav_controller/src/pid_controller.cpp:24:106:[m[K [01;31m[Kerror: [m[Kclass â€˜[01m[KPos_Controller[m[Kâ€™ does not have any field named â€˜[01m[Kvz_[m[Kâ€™
[2.247s]    24 | Pos_Controller::Pos_Controller() : rclcpp::Node("pos_controller"), x_(0.0), y_(0.0), vx_(0.0), vy_(0.0), [01;31m[Kvz_[m[K(0.0), yaw_ref_(0.0), g_(9.81)
[2.247s]       |                                                                                                          [01;31m[K^~~[m[K
[4.397s] gmake[2]: *** [CMakeFiles/pos_controller_node.dir/build.make:76: CMakeFiles/pos_controller_node.dir/src/pid_controller.cpp.o] Error 1
[4.397s] gmake[1]: *** [CMakeFiles/Makefile2:167: CMakeFiles/pos_controller_node.dir/all] Error 2
[4.397s] gmake: *** [Makefile:146: all] Error 2
[4.399s] Invoked command in '/home/huy/ros2_ws/build/uav_controller' returned '2': CMAKE_PREFIX_PATH=/opt/ros/humble:${CMAKE_PREFIX_PATH} /usr/bin/cmake --build /home/huy/ros2_ws/build/uav_controller -- -j16 -l16
