In file included from [01m[K/home/huy/ros2_ws/src/uav_controller/src/pid_controller.cpp:1[m[K:
[01m[K/home/huy/ros2_ws/src/uav_controller/include/pid_controller.hpp:24:43:[m[K [01;31m[Kerror: [m[Kexpected â€˜[01m[K{[m[Kâ€™ before â€˜[01m[K([m[Kâ€™ token
   24 | class Pos_Controller : public rclcpp::Node[01;31m[K([m[K)
      |                                           [01;31m[K^[m[K
[01m[K/home/huy/ros2_ws/src/uav_controller/include/pid_controller.hpp:24:44:[m[K [01;31m[Kerror: [m[Kexpected unqualified-id before â€˜[01m[K)[m[Kâ€™ token
   24 | class Pos_Controller : public rclcpp::Node([01;31m[K)[m[K
      |                                            [01;31m[K^[m[K
[01m[K/home/huy/ros2_ws/src/uav_controller/src/pid_controller.cpp:18:32:[m[K [01;31m[Kerror: [m[Kinvalid use of incomplete type â€˜[01m[Kclass Pos_Controller[m[Kâ€™
   18 | Pos_Controller::Pos_Controller([01;31m[K)[m[K : rclcpp::Node("pos_controller"), x_(0.0), y_(0.0), vx_(0.0), vy_(0.0), vz_(0.0), yaw_ref_(0.0)
      |                                [01;31m[K^[m[K
In file included from [01m[K/home/huy/ros2_ws/src/uav_controller/src/pid_controller.cpp:1[m[K:
[01m[K/home/huy/ros2_ws/src/uav_controller/include/pid_controller.hpp:24:7:[m[K [01;36m[Knote: [m[Kforward declaration of â€˜[01m[Kclass Pos_Controller[m[Kâ€™
   24 | class [01;36m[KPos_Controller[m[K : public rclcpp::Node()
      |       [01;36m[K^~~~~~~~~~~~~~[m[K
[01m[K/home/huy/ros2_ws/src/uav_controller/src/pid_controller.cpp:49:79:[m[K [01;31m[Kerror: [m[Kinvalid use of incomplete type â€˜[01m[Kclass Pos_Controller[m[Kâ€™
   49 | void Pos_Controller::odomCallback(const nav_msgs::msg::Odometry::SharedPtr msg[01;31m[K)[m[K
      |                                                                               [01;31m[K^[m[K
In file included from [01m[K/home/huy/ros2_ws/src/uav_controller/src/pid_controller.cpp:1[m[K:
[01m[K/home/huy/ros2_ws/src/uav_controller/include/pid_controller.hpp:24:7:[m[K [01;36m[Knote: [m[Kforward declaration of â€˜[01m[Kclass Pos_Controller[m[Kâ€™
   24 | class [01;36m[KPos_Controller[m[K : public rclcpp::Node()
      |       [01;36m[K^~~~~~~~~~~~~~[m[K
[01m[K/home/huy/ros2_ws/src/uav_controller/src/pid_controller.cpp:60:34:[m[K [01;31m[Kerror: [m[Kinvalid use of incomplete type â€˜[01m[Kclass Pos_Controller[m[Kâ€™
   60 | void Pos_Controller::controlLoop([01;31m[K)[m[K
      |                                  [01;31m[K^[m[K
In file included from [01m[K/home/huy/ros2_ws/src/uav_controller/src/pid_controller.cpp:1[m[K:
[01m[K/home/huy/ros2_ws/src/uav_controller/include/pid_controller.hpp:24:7:[m[K [01;36m[Knote: [m[Kforward declaration of â€˜[01m[Kclass Pos_Controller[m[Kâ€™
   24 | class [01;36m[KPos_Controller[m[K : public rclcpp::Node()
      |       [01;36m[K^~~~~~~~~~~~~~[m[K
[01m[K/home/huy/ros2_ws/src/uav_controller/src/pid_controller.cpp:101:5:[m[K [01;35m[Kwarning: [m[Ksecond argument of â€˜[01m[Kint main(int, char***)[m[Kâ€™ should be â€˜[01m[Kchar **[m[Kâ€™ [[01;35m[K]8;;https://gcc.gnu.org/onlinedocs/gcc/Warning-Options.html#index-Wmain-Wmain]8;;[m[K]
  101 | int [01;35m[Kmain[m[K(int argc, char **argv[])
      |     [01;35m[K^~~~[m[K
[01m[K/home/huy/ros2_ws/src/uav_controller/src/pid_controller.cpp:[m[K In function â€˜[01m[Kint main(int, char***)[m[Kâ€™:
[01m[K/home/huy/ros2_ws/src/uav_controller/src/pid_controller.cpp:103:24:[m[K [01;31m[Kerror: [m[Kcannot convert â€˜[01m[Kchar***[m[Kâ€™ to â€˜[01m[Kconst char* const*[m[Kâ€™
  103 |     rclcpp::init(argc, [01;31m[Kargv[m[K);
      |                        [01;31m[K^~~~[m[K
      |                        [01;31m[K|[m[K
      |                        [01;31m[Kchar***[m[K
In file included from [01m[K/opt/ros/humble/include/rclcpp/rclcpp/logging.hpp:25[m[K,
                 from [01m[K/opt/ros/humble/include/rclcpp/rclcpp/client.hpp:40[m[K,
                 from [01m[K/opt/ros/humble/include/rclcpp/rclcpp/callback_group.hpp:24[m[K,
                 from [01m[K/opt/ros/humble/include/rclcpp/rclcpp/any_executable.hpp:20[m[K,
                 from [01m[K/opt/ros/humble/include/rclcpp/rclcpp/memory_strategy.hpp:25[m[K,
                 from [01m[K/opt/ros/humble/include/rclcpp/rclcpp/memory_strategies.hpp:18[m[K,
                 from [01m[K/opt/ros/humble/include/rclcpp/rclcpp/executor_options.hpp:20[m[K,
                 from [01m[K/opt/ros/humble/include/rclcpp/rclcpp/executor.hpp:37[m[K,
                 from [01m[K/opt/ros/humble/include/rclcpp/rclcpp/executors/multi_threaded_executor.hpp:25[m[K,
                 from [01m[K/opt/ros/humble/include/rclcpp/rclcpp/executors.hpp:21[m[K,
                 from [01m[K/opt/ros/humble/include/rclcpp/rclcpp/rclcpp.hpp:155[m[K,
                 from [01m[K/home/huy/ros2_ws/src/uav_controller/include/pid_controller.hpp:3[m[K,
                 from [01m[K/home/huy/ros2_ws/src/uav_controller/src/pid_controller.cpp:1[m[K:
[01m[K/opt/ros/humble/include/rclcpp/rclcpp/utilities.hpp:77:24:[m[K [01;36m[Knote: [m[K  initializing argument 2 of â€˜[01m[Kvoid rclcpp::init(int, const char* const*, const rclcpp::InitOptions&, rclcpp::SignalHandlerOptions)[m[Kâ€™
   77 |   [01;36m[Kchar const * const * argv[m[K,
      |   [01;36m[K~~~~~~~~~~~~~~~~~~~~~^~~~[m[K
[01m[K/home/huy/ros2_ws/src/uav_controller/src/pid_controller.cpp:104:17:[m[K [01;31m[Kerror: [m[Kno matching function for call to â€˜[01m[Kspin(std::shared_ptr<Pos_Controller>)[m[Kâ€™
  104 |     [01;31m[Krclcpp::spin(std::make_shared<Pos_Controller>())[m[K;
      |     [01;31m[K~~~~~~~~~~~~^~~~~~~~~~~~~~~~~~~~~~~~~~~~~~~~~~~~[m[K
In file included from [01m[K/opt/ros/humble/include/rclcpp/rclcpp/rclcpp.hpp:155[m[K,
                 from [01m[K/home/huy/ros2_ws/src/uav_controller/include/pid_controller.hpp:3[m[K,
                 from [01m[K/home/huy/ros2_ws/src/uav_controller/src/pid_controller.cpp:1[m[K:
[01m[K/opt/ros/humble/include/rclcpp/rclcpp/executors.hpp:45:1:[m[K [01;36m[Knote: [m[Kcandidate: â€˜[01m[Kvoid rclcpp::spin(rclcpp::node_interfaces::NodeBaseInterface::SharedPtr)[m[Kâ€™
   45 | [01;36m[Kspin[m[K(rclcpp::node_interfaces::NodeBaseInterface::SharedPtr node_ptr);
      | [01;36m[K^~~~[m[K
[01m[K/opt/ros/humble/include/rclcpp/rclcpp/executors.hpp:45:60:[m[K [01;36m[Knote: [m[K  no known conversion for argument 1 from â€˜[01m[Kshared_ptr<[01;32m[KPos_Controller[m[K>[m[Kâ€™ to â€˜[01m[Kshared_ptr<[01;32m[Krclcpp::node_interfaces::NodeBaseInterface[m[K>[m[Kâ€™
   45 | spin([01;36m[Krclcpp::node_interfaces::NodeBaseInterface::SharedPtr node_ptr[m[K);
      |      [01;36m[K~~~~~~~~~~~~~~~~~~~~~~~~~~~~~~~~~~~~~~~~~~~~~~~~~~~~~~^~~~~~~~[m[K
[01m[K/opt/ros/humble/include/rclcpp/rclcpp/executors.hpp:49:1:[m[K [01;36m[Knote: [m[Kcandidate: â€˜[01m[Kvoid rclcpp::spin(rclcpp::Node::SharedPtr)[m[Kâ€™
   49 | [01;36m[Kspin[m[K(rclcpp::Node::SharedPtr node_ptr);
      | [01;36m[K^~~~[m[K
[01m[K/opt/ros/humble/include/rclcpp/rclcpp/executors.hpp:49:30:[m[K [01;36m[Knote: [m[K  no known conversion for argument 1 from â€˜[01m[Kshared_ptr<[01;32m[KPos_Controller[m[K>[m[Kâ€™ to â€˜[01m[Kshared_ptr<[01;32m[Krclcpp::Node[m[K>[m[Kâ€™
   49 | spin([01;36m[Krclcpp::Node::SharedPtr node_ptr[m[K);
      |      [01;36m[K~~~~~~~~~~~~~~~~~~~~~~~~^~~~~~~~[m[K
In file included from [01m[K/usr/include/c++/11/bits/shared_ptr_base.h:60[m[K,
                 from [01m[K/usr/include/c++/11/bits/shared_ptr.h:53[m[K,
                 from [01m[K/usr/include/c++/11/memory:77[m[K,
                 from [01m[K/opt/ros/humble/include/rclcpp/rclcpp/rclcpp.hpp:153[m[K,
                 from [01m[K/home/huy/ros2_ws/src/uav_controller/include/pid_controller.hpp:3[m[K,
                 from [01m[K/home/huy/ros2_ws/src/uav_controller/src/pid_controller.cpp:1[m[K:
/usr/include/c++/11/ext/aligned_buffer.h: In instantiation of â€˜[01m[Kstruct __gnu_cxx::__aligned_buffer<Pos_Controller>[m[Kâ€™:
[01m[K/usr/include/c++/11/bits/shared_ptr_base.h:506:35:[m[K   required from â€˜[01m[Kclass std::_Sp_counted_ptr_inplace<Pos_Controller, std::allocator<Pos_Controller>, __gnu_cxx::_S_atomic>::_Impl[m[Kâ€™
[01m[K/usr/include/c++/11/bits/shared_ptr_base.h:567:13:[m[K   required from â€˜[01m[Kclass std::_Sp_counted_ptr_inplace<Pos_Controller, std::allocator<Pos_Controller>, __gnu_cxx::_S_atomic>[m[Kâ€™
[01m[K/usr/include/c++/11/bits/shared_ptr_base.h:647:43:[m[K   required from â€˜[01m[Kstd::__shared_count<_Lp>::__shared_count(_Tp*&, std::_Sp_alloc_shared_tag<_Alloc>, _Args&& ...) [with _Tp = Pos_Controller; _Alloc = std::allocator<Pos_Controller>; _Args = {}; __gnu_cxx::_Lock_policy _Lp = __gnu_cxx::_S_atomic][m[Kâ€™
[01m[K/usr/include/c++/11/bits/shared_ptr_base.h:1342:14:[m[K   required from â€˜[01m[Kstd::__shared_ptr<_Tp, _Lp>::__shared_ptr(std::_Sp_alloc_shared_tag<_Tp>, _Args&& ...) [with _Alloc = std::allocator<Pos_Controller>; _Args = {}; _Tp = Pos_Controller; __gnu_cxx::_Lock_policy _Lp = __gnu_cxx::_S_atomic][m[Kâ€™
[01m[K/usr/include/c++/11/bits/shared_ptr.h:409:59:[m[K   required from â€˜[01m[Kstd::shared_ptr<_Tp>::shared_ptr(std::_Sp_alloc_shared_tag<_Tp>, _Args&& ...) [with _Alloc = std::allocator<Pos_Controller>; _Args = {}; _Tp = Pos_Controller][m[Kâ€™
[01m[K/usr/include/c++/11/bits/shared_ptr.h:862:14:[m[K   required from â€˜[01m[Kstd::shared_ptr<_Tp> std::allocate_shared(const _Alloc&, _Args&& ...) [with _Tp = Pos_Controller; _Alloc = std::allocator<Pos_Controller>; _Args = {}][m[Kâ€™
[01m[K/usr/include/c++/11/bits/shared_ptr.h:878:39:[m[K   required from â€˜[01m[Kstd::shared_ptr<_Tp> std::make_shared(_Args&& ...) [with _Tp = Pos_Controller; _Args = {}][m[Kâ€™
[01m[K/home/huy/ros2_ws/src/uav_controller/src/pid_controller.cpp:104:50:[m[K   required from here
[01m[K/usr/include/c++/11/ext/aligned_buffer.h:91:28:[m[K [01;31m[Kerror: [m[Kinvalid application of â€˜[01m[Ksizeof[m[Kâ€™ to incomplete type â€˜[01m[KPos_Controller[m[Kâ€™
   91 |     : std::aligned_storage<[01;31m[Ksizeof(_Tp)[m[K, __alignof__(_Tp)>
      |                            [01;31m[K^~~~~~~~~~~[m[K
[01m[K/usr/include/c++/11/ext/aligned_buffer.h:91:28:[m[K [01;31m[Kerror: [m[Kinvalid application of â€˜[01m[Ksizeof[m[Kâ€™ to incomplete type â€˜[01m[KPos_Controller[m[Kâ€™
gmake[2]: *** [CMakeFiles/pos_controller_node.dir/build.make:76: CMakeFiles/pos_controller_node.dir/src/pid_controller.cpp.o] Error 1
gmake[1]: *** [CMakeFiles/Makefile2:165: CMakeFiles/pos_controller_node.dir/all] Error 2
gmake: *** [Makefile:146: all] Error 2
