[0.012s] Invoking command in '/home/huy/ros2_ws/build/uav_controller': CMAKE_PREFIX_PATH=/opt/ros/humble:/home/huy/ros2_ws/install/uav_msgs:/home/huy/ros2_ws/install/uav_sim:/home/huy/ros2_ws/install/uav_motor_plugin:/home/huy/ros2_ws/install/uav_dynamics:/home/huy/ros2_ws/install/uav_controller LD_LIBRARY_PATH=/home/huy/ros2_ws/install/uav_msgs/lib:/home/huy/ros2_ws/install/uav_motor_plugin/lib:/usr/lib/x86_64-linux-gnu/gazebo-11/plugins:/opt/ros/humble/opt/rviz_ogre_vendor/lib:/opt/ros/humble/lib/x86_64-linux-gnu:/opt/ros/humble/lib:/usr/lib/x86_64-linux-gnu/gazebo-11/plugins /usr/bin/cmake --build /home/huy/ros2_ws/build/uav_controller -- -j16 -l16
[0.051s] [35m[1mConsolidate compiler generated dependencies of target pos_controller_node[0m
[0.052s] [35m[1mConsolidate compiler generated dependencies of target smc_controller_node[0m
[0.060s] [ 16%] [32mBuilding CXX object CMakeFiles/controller_node.dir/src/controller.cpp.o[0m
[0.069s] [ 33%] [32mBuilding CXX object CMakeFiles/smc_controller_node.dir/src/smc_controller.cpp.o[0m
[0.069s] [ 66%] Built target pos_controller_node
[0.317s] In file included from [01m[K/home/huy/ros2_ws/src/uav_controller/src/controller.cpp:1[m[K:
[0.317s] [01m[K/home/huy/ros2_ws/src/uav_controller/include/controller.hpp:8:10:[m[K [01;31m[Kfatal error: [m[Kuav_msgs/msg/uav_cmd.hpp: No such file or directory
[0.317s]     8 | #include [01;31m[K"uav_msgs/msg/uav_cmd.hpp"[m[K
[0.317s]       |          [01;31m[K^~~~~~~~~~~~~~~~~~~~~~~~~~[m[K
[0.317s] compilation terminated.
[0.321s] gmake[2]: *** [CMakeFiles/controller_node.dir/build.make:76: CMakeFiles/controller_node.dir/src/controller.cpp.o] Error 1
[0.321s] gmake[1]: *** [CMakeFiles/Makefile2:141: CMakeFiles/controller_node.dir/all] Error 2
[0.321s] gmake[1]: *** Waiting for unfinished jobs....
[2.213s] [01m[K/home/huy/ros2_ws/src/uav_controller/src/smc_controller.cpp:30:1:[m[K [01;31m[Kerror: [m[Kredefinition of â€˜[01m[KSMC::SMC(double, double)[m[Kâ€™
[2.213s]    30 | [01;31m[KSMC[m[K::SMC(double lambda, double k) : lambda_(lambda), k_(k)
[2.213s]       | [01;31m[K^~~[m[K
[2.213s] [01m[K/home/huy/ros2_ws/src/uav_controller/src/smc_controller.cpp:9:1:[m[K [01;36m[Knote: [m[Kâ€˜[01m[KSMC::SMC(double, double)[m[Kâ€™ previously defined here
[2.213s]     9 | [01;36m[KSMC[m[K::SMC(double lambda, double k) : lambda_(lambda), k_(k)
[2.213s]       | [01;36m[K^~~[m[K
[2.213s] [01m[K/home/huy/ros2_ws/src/uav_controller/src/smc_controller.cpp:33:8:[m[K [01;31m[Kerror: [m[Kredefinition of â€˜[01m[Kdouble SMC::update(double, double)[m[Kâ€™
[2.213s]    33 | double [01;31m[KSMC[m[K::update(double e, double edot)
[2.213s]       |        [01;31m[K^~~[m[K
[2.213s] [01m[K/home/huy/ros2_ws/src/uav_controller/src/smc_controller.cpp:12:8:[m[K [01;36m[Knote: [m[Kâ€˜[01m[Kdouble SMC::update(double, double)[m[Kâ€™ previously defined here
[2.213s]    12 | double [01;36m[KSMC[m[K::update(double e, double edot)
[2.213s]       |        [01;36m[K^~~[m[K
[6.041s] gmake[2]: *** [CMakeFiles/smc_controller_node.dir/build.make:76: CMakeFiles/smc_controller_node.dir/src/smc_controller.cpp.o] Error 1
[6.041s] gmake[1]: *** [CMakeFiles/Makefile2:193: CMakeFiles/smc_controller_node.dir/all] Error 2
[6.041s] gmake: *** [Makefile:146: all] Error 2
[6.043s] Invoked command in '/home/huy/ros2_ws/build/uav_controller' returned '2': CMAKE_PREFIX_PATH=/opt/ros/humble:/home/huy/ros2_ws/install/uav_msgs:/home/huy/ros2_ws/install/uav_sim:/home/huy/ros2_ws/install/uav_motor_plugin:/home/huy/ros2_ws/install/uav_dynamics:/home/huy/ros2_ws/install/uav_controller LD_LIBRARY_PATH=/home/huy/ros2_ws/install/uav_msgs/lib:/home/huy/ros2_ws/install/uav_motor_plugin/lib:/usr/lib/x86_64-linux-gnu/gazebo-11/plugins:/opt/ros/humble/opt/rviz_ogre_vendor/lib:/opt/ros/humble/lib/x86_64-linux-gnu:/opt/ros/humble/lib:/usr/lib/x86_64-linux-gnu/gazebo-11/plugins /usr/bin/cmake --build /home/huy/ros2_ws/build/uav_controller -- -j16 -l16
