[35m[1mConsolidate compiler generated dependencies of target dynamics_node[0m
[ 40%] Built target cmd_pub_node
[ 60%] [32mBuilding CXX object CMakeFiles/dynamics_node.dir/src/dynamics_node.cpp.o[0m
[01m[K/home/huy/ros2_ws/src/uav_dynamics/src/dynamics_node.cpp:[m[K In member function â€˜[01m[Kvoid DynamicsNode::cmdCallback(uav_msgs::msg::UavCmd_<std::allocator<void> >::SharedPtr)[m[Kâ€™:
[01m[K/home/huy/ros2_ws/src/uav_dynamics/src/dynamics_node.cpp:23:28:[m[K [01;31m[Kerror: [m[Kâ€˜[01m[Kusing element_type = struct uav_msgs::msg::UavCmd_<std::allocator<void> >[m[Kâ€™ {aka â€˜[01m[Kstruct uav_msgs::msg::UavCmd_<std::allocator<void> >[m[Kâ€™} has no member named â€˜[01m[Kax[m[Kâ€™
   23 |     model_.setCommand(msg->[01;31m[Kax[m[K, msg->ay, msg->az);
      |                            [01;31m[K^~[m[K
[01m[K/home/huy/ros2_ws/src/uav_dynamics/src/dynamics_node.cpp:23:37:[m[K [01;31m[Kerror: [m[Kâ€˜[01m[Kusing element_type = struct uav_msgs::msg::UavCmd_<std::allocator<void> >[m[Kâ€™ {aka â€˜[01m[Kstruct uav_msgs::msg::UavCmd_<std::allocator<void> >[m[Kâ€™} has no member named â€˜[01m[Kay[m[Kâ€™
   23 |     model_.setCommand(msg->ax, msg->[01;31m[Kay[m[K, msg->az);
      |                                     [01;31m[K^~[m[K
[01m[K/home/huy/ros2_ws/src/uav_dynamics/src/dynamics_node.cpp:23:46:[m[K [01;31m[Kerror: [m[Kâ€˜[01m[Kusing element_type = struct uav_msgs::msg::UavCmd_<std::allocator<void> >[m[Kâ€™ {aka â€˜[01m[Kstruct uav_msgs::msg::UavCmd_<std::allocator<void> >[m[Kâ€™} has no member named â€˜[01m[Kaz[m[Kâ€™
   23 |     model_.setCommand(msg->ax, msg->ay, msg->[01;31m[Kaz[m[K);
      |                                              [01;31m[K^~[m[K
gmake[2]: *** [CMakeFiles/dynamics_node.dir/build.make:76: CMakeFiles/dynamics_node.dir/src/dynamics_node.cpp.o] Error 1
gmake[1]: *** [CMakeFiles/Makefile2:139: CMakeFiles/dynamics_node.dir/all] Error 2
gmake: *** [Makefile:146: all] Error 2
