[0.013s] Invoking command in '/home/huy/ros2_ws/build/uav_controller': CMAKE_PREFIX_PATH=/home/huy/ros2_ws/install/uav_dynamics:/opt/ros/humble:/home/huy/ros2_ws/install/uav_msgs:/home/huy/ros2_ws/install/uav_motor_plugin:/home/huy/ros2_ws/install/uav_controller /usr/bin/cmake --build /home/huy/ros2_ws/build/uav_controller -- -j16 -l16
[0.051s] [35m[1mConsolidate compiler generated dependencies of target pos_controller_node[0m
[0.065s] [ 50%] Built target imu_node
[0.072s] [ 75%] [32mBuilding CXX object CMakeFiles/pos_controller_node.dir/src/pid_controller.cpp.o[0m
[2.203s] [01m[K/home/huy/ros2_ws/src/uav_controller/src/pid_controller.cpp:[m[K In constructor â€˜[01m[KPos_Controller::Pos_Controller()[m[Kâ€™:
[2.203s] [01m[K/home/huy/ros2_ws/src/uav_controller/src/pid_controller.cpp:18:1:[m[K [01;31m[Kerror: [m[Kuninitialized const member in â€˜[01m[Kconst double[m[Kâ€™ [[01;31m[K]8;;https://gcc.gnu.org/onlinedocs/gcc/Warning-Options.html#index-fpermissive-fpermissive]8;;[m[K]
[2.203s]    18 | [01;31m[KPos_Controller[m[K::Pos_Controller() : rclcpp::Node("pos_controller"), x_(0.0), y_(0.0), vx_(0.0), vy_(0.0), vz_(0.0), yaw_ref_(0.0)
[2.203s]       | [01;31m[K^~~~~~~~~~~~~~[m[K
[2.203s] In file included from [01m[K/home/huy/ros2_ws/src/uav_controller/src/pid_controller.cpp:1[m[K:
[2.203s] [01m[K/home/huy/ros2_ws/src/uav_controller/include/pid_controller.hpp:50:18:[m[K [01;36m[Knote: [m[Kâ€˜[01m[Kconst double Pos_Controller::g_[m[Kâ€™ should be initialized
[2.203s]    50 |     const double [01;36m[Kg_[m[K;
[2.203s]       |                  [01;36m[K^~[m[K
[2.207s] [01m[K/home/huy/ros2_ws/src/uav_controller/src/pid_controller.cpp:30:6:[m[K [01;31m[Kerror: [m[Kexpected â€˜[01m[K)[m[Kâ€™ before â€˜[01m[K;[m[Kâ€™ token
[2.207s]    30 |     )[01;31m[K;[m[K
[2.207s]       |      [01;31m[K^[m[K
[2.207s]       |      [32m[K)[m[K
[2.207s] [01m[K/home/huy/ros2_ws/src/uav_controller/src/pid_controller.cpp:27:67:[m[K [01;36m[Knote: [m[Kto match this â€˜[01m[K([m[Kâ€™
[2.207s]    27 |     odom_sub_ = this->create_subscription<nav_msgs::msg::Odometry>[01;36m[K([m[K
[2.207s]       |                                                                   [01;36m[K^[m[K
[3.008s] gmake[2]: *** [CMakeFiles/pos_controller_node.dir/build.make:76: CMakeFiles/pos_controller_node.dir/src/pid_controller.cpp.o] Error 1
[3.008s] gmake[1]: *** [CMakeFiles/Makefile2:165: CMakeFiles/pos_controller_node.dir/all] Error 2
[3.008s] gmake: *** [Makefile:146: all] Error 2
[3.011s] Invoked command in '/home/huy/ros2_ws/build/uav_controller' returned '2': CMAKE_PREFIX_PATH=/home/huy/ros2_ws/install/uav_dynamics:/opt/ros/humble:/home/huy/ros2_ws/install/uav_msgs:/home/huy/ros2_ws/install/uav_motor_plugin:/home/huy/ros2_ws/install/uav_controller /usr/bin/cmake --build /home/huy/ros2_ws/build/uav_controller -- -j16 -l16
