[01m[K/home/huy/ros2_ws/src/uav_controller/src/controller.cpp:[m[K In constructor â€˜[01m[KController::Controller()[m[Kâ€™:
[01m[K/home/huy/ros2_ws/src/uav_controller/src/controller.cpp:52:71:[m[K [01;31m[Kerror: [m[Kclass â€˜[01m[KController[m[Kâ€™ does not have any field named â€˜[01m[KTs_[m[Kâ€™
   52 | ::Controller() : Node("controller_node"), x_(0.0), y_(0.0), [01;31m[KTs_[m[K(0.01), start_time_(0.0), prev_time_(0.0)
      |                                                             [01;31m[K^~~[m[K

[01m[K/home/huy/ros2_ws/src/uav_controller/src/controller.cpp:52:100:[m[K [01;31m[Kerror: [m[Kclass â€˜[01m[KController[m[Kâ€™ does not have any field named â€˜[01m[Kprev_time_[m[Kâ€™
   52 | ller_node"), x_(0.0), y_(0.0), Ts_(0.01), start_time_(0.0), [01;31m[Kprev_time_[m[K(0.0)
      |                                                             [01;31m[K^~~~~~~~~~[m[K

[01m[K/home/huy/ros2_ws/src/uav_controller/src/controller.cpp:55:5:[m[K [01;31m[Kerror: [m[Kâ€˜[01m[Kprev_time_[m[Kâ€™ was not declared in this scope; did you mean â€˜[01m[Kprev_time_pid[m[Kâ€™?
   55 |     [01;31m[Kprev_time_[m[K = this->get_clock()->now();
      |     [01;31m[K^~~~~~~~~~[m[K
      |     [32m[Kprev_time_pid[m[K
gmake[2]: *** [CMakeFiles/controller_node.dir/build.make:76: CMakeFiles/controller_node.dir/src/controller.cpp.o] Error 1
gmake[1]: *** [CMakeFiles/Makefile2:143: CMakeFiles/controller_node.dir/all] Error 2
gmake: *** [Makefile:146: all] Error 2
