[0.039s] Invoking command in '/home/huy/ros2_ws/build/uav_controller': CMAKE_PREFIX_PATH=/opt/ros/humble:/home/huy/ros2_ws/install/uav_msgs:/home/huy/ros2_ws/install/uav_sim:/home/huy/ros2_ws/install/uav_motor_plugin:/home/huy/ros2_ws/install/uav_dynamics:/home/huy/ros2_ws/install/uav_controller LD_LIBRARY_PATH=/home/huy/ros2_ws/install/uav_msgs/lib:/home/huy/ros2_ws/install/uav_motor_plugin/lib:/usr/lib/x86_64-linux-gnu/gazebo-11/plugins:/opt/ros/humble/opt/rviz_ogre_vendor/lib:/opt/ros/humble/lib/x86_64-linux-gnu:/opt/ros/humble/lib:/usr/lib/x86_64-linux-gnu/gazebo-11/plugins /usr/bin/cmake --build /home/huy/ros2_ws/build/uav_controller -- -j16 -l16
[0.153s] [35m[1mConsolidate compiler generated dependencies of target test_pid_node[0m
[0.192s] [ 25%] [32mBuilding CXX object CMakeFiles/controller_node.dir/src/controller.cpp.o[0m
[0.193s] [ 37%] Built target pos_controller_node
[0.193s] [ 62%] Built target smc_controller_node
[0.205s] [ 87%] Built target test_pid_node
[4.179s] [01m[K/home/huy/ros2_ws/src/uav_controller/src/controller.cpp:[m[K In constructor â€˜[01m[KController::Controller()[m[Kâ€™:
[4.179s] [01m[K/home/huy/ros2_ws/src/uav_controller/src/controller.cpp:52:71:[m[K [01;31m[Kerror: [m[Kclass â€˜[01m[KController[m[Kâ€™ does not have any field named â€˜[01m[KTs_[m[Kâ€™
[4.179s]    52 | ::Controller() : Node("controller_node"), x_(0.0), y_(0.0), [01;31m[KTs_[m[K(0.01), start_time_(0.0), prev_time_(0.0)
[4.179s]       |                                                             [01;31m[K^~~[m[K
[4.180s] 
[4.180s] [01m[K/home/huy/ros2_ws/src/uav_controller/src/controller.cpp:52:100:[m[K [01;31m[Kerror: [m[Kclass â€˜[01m[KController[m[Kâ€™ does not have any field named â€˜[01m[Kprev_time_[m[Kâ€™
[4.180s]    52 | ller_node"), x_(0.0), y_(0.0), Ts_(0.01), start_time_(0.0), [01;31m[Kprev_time_[m[K(0.0)
[4.180s]       |                                                             [01;31m[K^~~~~~~~~~[m[K
[4.180s] 
[4.188s] [01m[K/home/huy/ros2_ws/src/uav_controller/src/controller.cpp:55:5:[m[K [01;31m[Kerror: [m[Kâ€˜[01m[Kprev_time_[m[Kâ€™ was not declared in this scope; did you mean â€˜[01m[Kprev_time_pid[m[Kâ€™?
[4.188s]    55 |     [01;31m[Kprev_time_[m[K = this->get_clock()->now();
[4.188s]       |     [01;31m[K^~~~~~~~~~[m[K
[4.188s]       |     [32m[Kprev_time_pid[m[K
[7.243s] gmake[2]: *** [CMakeFiles/controller_node.dir/build.make:76: CMakeFiles/controller_node.dir/src/controller.cpp.o] Error 1
[7.243s] gmake[1]: *** [CMakeFiles/Makefile2:143: CMakeFiles/controller_node.dir/all] Error 2
[7.243s] gmake: *** [Makefile:146: all] Error 2
[7.245s] Invoked command in '/home/huy/ros2_ws/build/uav_controller' returned '2': CMAKE_PREFIX_PATH=/opt/ros/humble:/home/huy/ros2_ws/install/uav_msgs:/home/huy/ros2_ws/install/uav_sim:/home/huy/ros2_ws/install/uav_motor_plugin:/home/huy/ros2_ws/install/uav_dynamics:/home/huy/ros2_ws/install/uav_controller LD_LIBRARY_PATH=/home/huy/ros2_ws/install/uav_msgs/lib:/home/huy/ros2_ws/install/uav_motor_plugin/lib:/usr/lib/x86_64-linux-gnu/gazebo-11/plugins:/opt/ros/humble/opt/rviz_ogre_vendor/lib:/opt/ros/humble/lib/x86_64-linux-gnu:/opt/ros/humble/lib:/usr/lib/x86_64-linux-gnu/gazebo-11/plugins /usr/bin/cmake --build /home/huy/ros2_ws/build/uav_controller -- -j16 -l16
